[2020-03-24 11:32:41,067] DEBUG preRegister called. Server=com.sun.jmx.mbeanserver.JmxMBeanServer@66d3c617, name=log4j:logger=kafka.controller (kafka.controller)
[2020-03-24 11:33:09,458] INFO [ControllerEventThread controllerId=0] Starting (kafka.controller.ControllerEventManager$ControllerEventThread)
[2020-03-24 11:33:09,479] INFO [Controller id=0] 0 successfully elected as the controller. Epoch incremented to 1 and epoch zk version is now 1 (kafka.controller.KafkaController)
[2020-03-24 11:33:09,479] INFO [Controller id=0] Registering handlers (kafka.controller.KafkaController)
[2020-03-24 11:33:09,482] INFO [Controller id=0] Deleting log dir event notifications (kafka.controller.KafkaController)
[2020-03-24 11:33:09,486] INFO [Controller id=0] Deleting isr change notifications (kafka.controller.KafkaController)
[2020-03-24 11:33:09,489] INFO [Controller id=0] Initializing controller context (kafka.controller.KafkaController)
[2020-03-24 11:33:09,525] INFO [Controller id=0] Initialized broker epochs cache: Map(0 -> 24) (kafka.controller.KafkaController)
[2020-03-24 11:33:09,529] DEBUG [Controller id=0] Register BrokerModifications handler for Set(0) (kafka.controller.KafkaController)
[2020-03-24 11:33:09,536] DEBUG [Channel manager on controller 0]: Controller 0 trying to connect to broker 0 (kafka.controller.ControllerChannelManager)
[2020-03-24 11:33:09,542] INFO [RequestSendThread controllerId=0] Starting (kafka.controller.RequestSendThread)
[2020-03-24 11:33:09,543] INFO [Controller id=0] Currently active brokers in the cluster: Set(0) (kafka.controller.KafkaController)
[2020-03-24 11:33:09,543] INFO [Controller id=0] Currently shutting brokers in the cluster: Set() (kafka.controller.KafkaController)
[2020-03-24 11:33:09,544] INFO [Controller id=0] Current list of topics in the cluster: Set() (kafka.controller.KafkaController)
[2020-03-24 11:33:09,545] INFO [Controller id=0] Fetching topic deletions in progress (kafka.controller.KafkaController)
[2020-03-24 11:33:09,547] INFO [Controller id=0] List of topics to be deleted:  (kafka.controller.KafkaController)
[2020-03-24 11:33:09,548] INFO [Controller id=0] List of topics ineligible for deletion:  (kafka.controller.KafkaController)
[2020-03-24 11:33:09,548] INFO [Controller id=0] Initializing topic deletion manager (kafka.controller.KafkaController)
[2020-03-24 11:33:09,548] INFO [Topic Deletion Manager 0] Initializing manager with initial deletions: Set(), initial ineligible deletions: Set() (kafka.controller.TopicDeletionManager)
[2020-03-24 11:33:09,549] INFO [Controller id=0] Sending update metadata request (kafka.controller.KafkaController)
[2020-03-24 11:33:09,558] INFO [ReplicaStateMachine controllerId=0] Initializing replica state (kafka.controller.ZkReplicaStateMachine)
[2020-03-24 11:33:09,560] INFO [ReplicaStateMachine controllerId=0] Triggering online replica state changes (kafka.controller.ZkReplicaStateMachine)
[2020-03-24 11:33:09,566] INFO [ReplicaStateMachine controllerId=0] Triggering offline replica state changes (kafka.controller.ZkReplicaStateMachine)
[2020-03-24 11:33:09,566] DEBUG [ReplicaStateMachine controllerId=0] Started replica state machine with initial state -> Map() (kafka.controller.ZkReplicaStateMachine)
[2020-03-24 11:33:09,567] INFO [PartitionStateMachine controllerId=0] Initializing partition state (kafka.controller.ZkPartitionStateMachine)
[2020-03-24 11:33:09,568] INFO [PartitionStateMachine controllerId=0] Triggering online partition state changes (kafka.controller.ZkPartitionStateMachine)
[2020-03-24 11:33:09,575] DEBUG [PartitionStateMachine controllerId=0] Started partition state machine with initial state -> Map() (kafka.controller.ZkPartitionStateMachine)
[2020-03-24 11:33:09,575] INFO [Controller id=0] Ready to serve as the new controller with epoch 1 (kafka.controller.KafkaController)
[2020-03-24 11:33:09,576] INFO [RequestSendThread controllerId=0] Controller 0 connected to fp:9092 (id: 0 rack: null) for sending state change requests (kafka.controller.RequestSendThread)
[2020-03-24 11:33:09,582] INFO [Controller id=0] Partitions undergoing preferred replica election:  (kafka.controller.KafkaController)
[2020-03-24 11:33:09,583] INFO [Controller id=0] Partitions that completed preferred replica election:  (kafka.controller.KafkaController)
[2020-03-24 11:33:09,583] INFO [Controller id=0] Skipping preferred replica election for partitions due to topic deletion:  (kafka.controller.KafkaController)
[2020-03-24 11:33:09,584] INFO [Controller id=0] Resuming preferred replica election for partitions:  (kafka.controller.KafkaController)
[2020-03-24 11:33:09,584] INFO [Controller id=0] Starting replica leader election (PREFERRED) for partitions  triggered by ZkTriggered (kafka.controller.KafkaController)
[2020-03-24 11:33:09,617] INFO [Controller id=0] Starting the controller scheduler (kafka.controller.KafkaController)
[2020-03-24 11:33:14,620] INFO [Controller id=0] Processing automatic preferred replica leader election (kafka.controller.KafkaController)
[2020-03-24 11:33:14,621] TRACE [Controller id=0] Checking need to trigger auto leader balancing (kafka.controller.KafkaController)
[2020-03-24 11:33:14,623] DEBUG [Controller id=0] Preferred replicas by broker Map() (kafka.controller.KafkaController)
[2020-03-24 11:34:06,840] INFO [Controller id=0] New topics: [Set(test)], deleted topics: [Set()], new partition replica assignment [Map(test-0 -> ReplicaAssignment(replicas=0, addingReplicas=, removingReplicas=))] (kafka.controller.KafkaController)
[2020-03-24 11:34:06,840] INFO [Controller id=0] New partition creation callback for test-0 (kafka.controller.KafkaController)
[2020-03-24 11:35:13,508] INFO [Controller id=0] New topics: [Set(__consumer_offsets)], deleted topics: [Set()], new partition replica assignment [Map(__consumer_offsets-22 -> ReplicaAssignment(replicas=0, addingReplicas=, removingReplicas=), __consumer_offsets-30 -> ReplicaAssignment(replicas=0, addingReplicas=, removingReplicas=), __consumer_offsets-8 -> ReplicaAssignment(replicas=0, addingReplicas=, removingReplicas=), __consumer_offsets-21 -> ReplicaAssignment(replicas=0, addingReplicas=, removingReplicas=), __consumer_offsets-4 -> ReplicaAssignment(replicas=0, addingReplicas=, removingReplicas=), __consumer_offsets-27 -> ReplicaAssignment(replicas=0, addingReplicas=, removingReplicas=), __consumer_offsets-7 -> ReplicaAssignment(replicas=0, addingReplicas=, removingReplicas=), __consumer_offsets-9 -> ReplicaAssignment(replicas=0, addingReplicas=, removingReplicas=), __consumer_offsets-46 -> ReplicaAssignment(replicas=0, addingReplicas=, removingReplicas=), __consumer_offsets-25 -> ReplicaAssignment(replicas=0, addingReplicas=, removingReplicas=), __consumer_offsets-35 -> ReplicaAssignment(replicas=0, addingReplicas=, removingReplicas=), __consumer_offsets-41 -> ReplicaAssignment(replicas=0, addingReplicas=, removingReplicas=), __consumer_offsets-33 -> ReplicaAssignment(replicas=0, addingReplicas=, removingReplicas=), __consumer_offsets-23 -> ReplicaAssignment(replicas=0, addingReplicas=, removingReplicas=), __consumer_offsets-49 -> ReplicaAssignment(replicas=0, addingReplicas=, removingReplicas=), __consumer_offsets-47 -> ReplicaAssignment(replicas=0, addingReplicas=, removingReplicas=), __consumer_offsets-16 -> ReplicaAssignment(replicas=0, addingReplicas=, removingReplicas=), __consumer_offsets-28 -> ReplicaAssignment(replicas=0, addingReplicas=, removingReplicas=), __consumer_offsets-31 -> ReplicaAssignment(replicas=0, addingReplicas=, removingReplicas=), __consumer_offsets-36 -> ReplicaAssignment(replicas=0, addingReplicas=, removingReplicas=), __consumer_offsets-42 -> ReplicaAssignment(replicas=0, addingReplicas=, removingReplicas=), __consumer_offsets-3 -> ReplicaAssignment(replicas=0, addingReplicas=, removingReplicas=), __consumer_offsets-18 -> ReplicaAssignment(replicas=0, addingReplicas=, removingReplicas=), __consumer_offsets-37 -> ReplicaAssignment(replicas=0, addingReplicas=, removingReplicas=), __consumer_offsets-15 -> ReplicaAssignment(replicas=0, addingReplicas=, removingReplicas=), __consumer_offsets-24 -> ReplicaAssignment(replicas=0, addingReplicas=, removingReplicas=), __consumer_offsets-38 -> ReplicaAssignment(replicas=0, addingReplicas=, removingReplicas=), __consumer_offsets-17 -> ReplicaAssignment(replicas=0, addingReplicas=, removingReplicas=), __consumer_offsets-48 -> ReplicaAssignment(replicas=0, addingReplicas=, removingReplicas=), __consumer_offsets-19 -> ReplicaAssignment(replicas=0, addingReplicas=, removingReplicas=), __consumer_offsets-11 -> ReplicaAssignment(replicas=0, addingReplicas=, removingReplicas=), __consumer_offsets-13 -> ReplicaAssignment(replicas=0, addingReplicas=, removingReplicas=), __consumer_offsets-2 -> ReplicaAssignment(replicas=0, addingReplicas=, removingReplicas=), __consumer_offsets-43 -> ReplicaAssignment(replicas=0, addingReplicas=, removingReplicas=), __consumer_offsets-6 -> ReplicaAssignment(replicas=0, addingReplicas=, removingReplicas=), __consumer_offsets-14 -> ReplicaAssignment(replicas=0, addingReplicas=, removingReplicas=), __consumer_offsets-20 -> ReplicaAssignment(replicas=0, addingReplicas=, removingReplicas=), __consumer_offsets-0 -> ReplicaAssignment(replicas=0, addingReplicas=, removingReplicas=), __consumer_offsets-44 -> ReplicaAssignment(replicas=0, addingReplicas=, removingReplicas=), __consumer_offsets-39 -> ReplicaAssignment(replicas=0, addingReplicas=, removingReplicas=), __consumer_offsets-12 -> ReplicaAssignment(replicas=0, addingReplicas=, removingReplicas=), __consumer_offsets-45 -> ReplicaAssignment(replicas=0, addingReplicas=, removingReplicas=), __consumer_offsets-1 -> ReplicaAssignment(replicas=0, addingReplicas=, removingReplicas=), __consumer_offsets-5 -> ReplicaAssignment(replicas=0, addingReplicas=, removingReplicas=), __consumer_offsets-26 -> ReplicaAssignment(replicas=0, addingReplicas=, removingReplicas=), __consumer_offsets-29 -> ReplicaAssignment(replicas=0, addingReplicas=, removingReplicas=), __consumer_offsets-34 -> ReplicaAssignment(replicas=0, addingReplicas=, removingReplicas=), __consumer_offsets-10 -> ReplicaAssignment(replicas=0, addingReplicas=, removingReplicas=), __consumer_offsets-32 -> ReplicaAssignment(replicas=0, addingReplicas=, removingReplicas=), __consumer_offsets-40 -> ReplicaAssignment(replicas=0, addingReplicas=, removingReplicas=))] (kafka.controller.KafkaController)
[2020-03-24 11:35:13,508] INFO [Controller id=0] New partition creation callback for __consumer_offsets-22,__consumer_offsets-30,__consumer_offsets-8,__consumer_offsets-21,__consumer_offsets-4,__consumer_offsets-27,__consumer_offsets-7,__consumer_offsets-9,__consumer_offsets-46,__consumer_offsets-25,__consumer_offsets-35,__consumer_offsets-41,__consumer_offsets-33,__consumer_offsets-23,__consumer_offsets-49,__consumer_offsets-47,__consumer_offsets-16,__consumer_offsets-28,__consumer_offsets-31,__consumer_offsets-36,__consumer_offsets-42,__consumer_offsets-3,__consumer_offsets-18,__consumer_offsets-37,__consumer_offsets-15,__consumer_offsets-24,__consumer_offsets-38,__consumer_offsets-17,__consumer_offsets-48,__consumer_offsets-19,__consumer_offsets-11,__consumer_offsets-13,__consumer_offsets-2,__consumer_offsets-43,__consumer_offsets-6,__consumer_offsets-14,__consumer_offsets-20,__consumer_offsets-0,__consumer_offsets-44,__consumer_offsets-39,__consumer_offsets-12,__consumer_offsets-45,__consumer_offsets-1,__consumer_offsets-5,__consumer_offsets-26,__consumer_offsets-29,__consumer_offsets-34,__consumer_offsets-10,__consumer_offsets-32,__consumer_offsets-40 (kafka.controller.KafkaController)
[2020-03-24 11:38:14,626] INFO [Controller id=0] Processing automatic preferred replica leader election (kafka.controller.KafkaController)
[2020-03-24 11:38:14,626] TRACE [Controller id=0] Checking need to trigger auto leader balancing (kafka.controller.KafkaController)
[2020-03-24 11:38:14,631] DEBUG [Controller id=0] Preferred replicas by broker Map(0 -> Map(__consumer_offsets-22 -> Vector(0), __consumer_offsets-30 -> Vector(0), __consumer_offsets-8 -> Vector(0), __consumer_offsets-21 -> Vector(0), __consumer_offsets-4 -> Vector(0), __consumer_offsets-27 -> Vector(0), __consumer_offsets-7 -> Vector(0), __consumer_offsets-9 -> Vector(0), __consumer_offsets-46 -> Vector(0), __consumer_offsets-25 -> Vector(0), __consumer_offsets-35 -> Vector(0), __consumer_offsets-41 -> Vector(0), __consumer_offsets-33 -> Vector(0), __consumer_offsets-23 -> Vector(0), __consumer_offsets-49 -> Vector(0), __consumer_offsets-47 -> Vector(0), __consumer_offsets-16 -> Vector(0), test-0 -> Vector(0), __consumer_offsets-28 -> Vector(0), __consumer_offsets-31 -> Vector(0), __consumer_offsets-36 -> Vector(0), __consumer_offsets-42 -> Vector(0), __consumer_offsets-3 -> Vector(0), __consumer_offsets-18 -> Vector(0), __consumer_offsets-37 -> Vector(0), __consumer_offsets-15 -> Vector(0), __consumer_offsets-24 -> Vector(0), __consumer_offsets-38 -> Vector(0), __consumer_offsets-17 -> Vector(0), __consumer_offsets-48 -> Vector(0), __consumer_offsets-19 -> Vector(0), __consumer_offsets-11 -> Vector(0), __consumer_offsets-13 -> Vector(0), __consumer_offsets-2 -> Vector(0), __consumer_offsets-43 -> Vector(0), __consumer_offsets-6 -> Vector(0), __consumer_offsets-14 -> Vector(0), __consumer_offsets-20 -> Vector(0), __consumer_offsets-0 -> Vector(0), __consumer_offsets-44 -> Vector(0), __consumer_offsets-39 -> Vector(0), __consumer_offsets-12 -> Vector(0), __consumer_offsets-45 -> Vector(0), __consumer_offsets-1 -> Vector(0), __consumer_offsets-5 -> Vector(0), __consumer_offsets-26 -> Vector(0), __consumer_offsets-29 -> Vector(0), __consumer_offsets-34 -> Vector(0), __consumer_offsets-10 -> Vector(0), __consumer_offsets-32 -> Vector(0), __consumer_offsets-40 -> Vector(0))) (kafka.controller.KafkaController)
[2020-03-24 11:38:14,634] DEBUG [Controller id=0] Topics not in preferred replica for broker 0 Map() (kafka.controller.KafkaController)
[2020-03-24 11:38:14,636] TRACE [Controller id=0] Leader imbalance ratio for broker 0 is 0.0 (kafka.controller.KafkaController)
[2020-03-24 11:42:18,065] INFO [Controller id=0] Newly added brokers: 1, deleted brokers: , bounced brokers: , all live brokers: 0,1 (kafka.controller.KafkaController)
[2020-03-24 11:42:18,065] DEBUG [Channel manager on controller 0]: Controller 0 trying to connect to broker 1 (kafka.controller.ControllerChannelManager)
[2020-03-24 11:42:18,068] INFO [RequestSendThread controllerId=0] Starting (kafka.controller.RequestSendThread)
[2020-03-24 11:42:18,070] INFO [Controller id=0] New broker startup callback for 1 (kafka.controller.KafkaController)
[2020-03-24 11:42:18,075] INFO [RequestSendThread controllerId=0] Controller 0 connected to fp:9093 (id: 1 rack: null) for sending state change requests (kafka.controller.RequestSendThread)
[2020-03-24 11:42:18,080] DEBUG [Controller id=0] Register BrokerModifications handler for Vector(1) (kafka.controller.KafkaController)
[2020-03-24 11:42:18,081] INFO [Controller id=0] Updated broker epochs cache: Map(0 -> 24, 1 -> 183) (kafka.controller.KafkaController)
[2020-03-24 11:42:18,123] INFO [ControllerEventThread controllerId=1] Starting (kafka.controller.ControllerEventManager$ControllerEventThread)
[2020-03-24 11:42:18,133] DEBUG [Controller id=1] Broker 0 has been elected as the controller, so stopping the election process. (kafka.controller.KafkaController)
[2020-03-24 11:42:23,676] INFO [Controller id=0] Newly added brokers: 2, deleted brokers: , bounced brokers: , all live brokers: 0,1,2 (kafka.controller.KafkaController)
[2020-03-24 11:42:23,676] DEBUG [Channel manager on controller 0]: Controller 0 trying to connect to broker 2 (kafka.controller.ControllerChannelManager)
[2020-03-24 11:42:23,680] INFO [RequestSendThread controllerId=0] Starting (kafka.controller.RequestSendThread)
[2020-03-24 11:42:23,680] INFO [Controller id=0] New broker startup callback for 2 (kafka.controller.KafkaController)
[2020-03-24 11:42:23,686] DEBUG [Controller id=0] Register BrokerModifications handler for Vector(2) (kafka.controller.KafkaController)
[2020-03-24 11:42:23,687] INFO [RequestSendThread controllerId=0] Controller 0 connected to fp:9094 (id: 2 rack: null) for sending state change requests (kafka.controller.RequestSendThread)
[2020-03-24 11:42:23,687] INFO [Controller id=0] Updated broker epochs cache: Map(0 -> 24, 1 -> 183, 2 -> 199) (kafka.controller.KafkaController)
[2020-03-24 11:42:23,740] INFO [ControllerEventThread controllerId=2] Starting (kafka.controller.ControllerEventManager$ControllerEventThread)
[2020-03-24 11:42:23,752] DEBUG [Controller id=2] Broker 0 has been elected as the controller, so stopping the election process. (kafka.controller.KafkaController)
[2020-03-24 11:42:45,248] INFO [Controller id=0] New topics: [Set(my-replicated-topic)], deleted topics: [Set()], new partition replica assignment [Map(my-replicated-topic-0 -> ReplicaAssignment(replicas=0,2,1, addingReplicas=, removingReplicas=))] (kafka.controller.KafkaController)
[2020-03-24 11:42:45,248] INFO [Controller id=0] New partition creation callback for my-replicated-topic-0 (kafka.controller.KafkaController)
[2020-03-24 11:43:14,637] INFO [Controller id=0] Processing automatic preferred replica leader election (kafka.controller.KafkaController)
[2020-03-24 11:43:14,637] TRACE [Controller id=0] Checking need to trigger auto leader balancing (kafka.controller.KafkaController)
[2020-03-24 11:43:14,641] DEBUG [Controller id=0] Preferred replicas by broker Map(0 -> Map(__consumer_offsets-22 -> Vector(0), __consumer_offsets-30 -> Vector(0), __consumer_offsets-8 -> Vector(0), __consumer_offsets-21 -> Vector(0), __consumer_offsets-4 -> Vector(0), __consumer_offsets-27 -> Vector(0), __consumer_offsets-7 -> Vector(0), __consumer_offsets-9 -> Vector(0), __consumer_offsets-46 -> Vector(0), my-replicated-topic-0 -> Vector(0, 2, 1), __consumer_offsets-25 -> Vector(0), __consumer_offsets-35 -> Vector(0), __consumer_offsets-41 -> Vector(0), __consumer_offsets-33 -> Vector(0), __consumer_offsets-23 -> Vector(0), __consumer_offsets-49 -> Vector(0), __consumer_offsets-47 -> Vector(0), __consumer_offsets-16 -> Vector(0), test-0 -> Vector(0), __consumer_offsets-28 -> Vector(0), __consumer_offsets-31 -> Vector(0), __consumer_offsets-36 -> Vector(0), __consumer_offsets-42 -> Vector(0), __consumer_offsets-3 -> Vector(0), __consumer_offsets-18 -> Vector(0), __consumer_offsets-37 -> Vector(0), __consumer_offsets-15 -> Vector(0), __consumer_offsets-24 -> Vector(0), __consumer_offsets-38 -> Vector(0), __consumer_offsets-17 -> Vector(0), __consumer_offsets-48 -> Vector(0), __consumer_offsets-19 -> Vector(0), __consumer_offsets-11 -> Vector(0), __consumer_offsets-13 -> Vector(0), __consumer_offsets-2 -> Vector(0), __consumer_offsets-43 -> Vector(0), __consumer_offsets-6 -> Vector(0), __consumer_offsets-14 -> Vector(0), __consumer_offsets-20 -> Vector(0), __consumer_offsets-0 -> Vector(0), __consumer_offsets-44 -> Vector(0), __consumer_offsets-39 -> Vector(0), __consumer_offsets-12 -> Vector(0), __consumer_offsets-45 -> Vector(0), __consumer_offsets-1 -> Vector(0), __consumer_offsets-5 -> Vector(0), __consumer_offsets-26 -> Vector(0), __consumer_offsets-29 -> Vector(0), __consumer_offsets-34 -> Vector(0), __consumer_offsets-10 -> Vector(0), __consumer_offsets-32 -> Vector(0), __consumer_offsets-40 -> Vector(0))) (kafka.controller.KafkaController)
[2020-03-24 11:43:14,641] DEBUG [Controller id=0] Topics not in preferred replica for broker 0 Map() (kafka.controller.KafkaController)
[2020-03-24 11:43:14,641] TRACE [Controller id=0] Leader imbalance ratio for broker 0 is 0.0 (kafka.controller.KafkaController)
[2020-03-24 11:47:49,871] INFO [Controller id=0] Shutting down broker 1 (kafka.controller.KafkaController)
[2020-03-24 11:47:49,871] DEBUG [Controller id=0] All shutting down brokers: 1 (kafka.controller.KafkaController)
[2020-03-24 11:47:49,872] DEBUG [Controller id=0] Live brokers: 0,2 (kafka.controller.KafkaController)
[2020-03-24 11:47:49,875] DEBUG The stop replica request (delete = false) sent to broker 1 is StopReplicaRequestInfo([Topic=my-replicated-topic,Partition=0,Replica=1],false) (kafka.controller.ControllerBrokerRequestBatch)
[2020-03-24 11:47:49,893] DEBUG The stop replica request (delete = false) sent to broker 1 is StopReplicaRequestInfo([Topic=my-replicated-topic,Partition=0,Replica=1],false) (kafka.controller.ControllerBrokerRequestBatch)
[2020-03-24 11:47:49,894] TRACE [Controller id=0] All leaders = __consumer_offsets-49 -> (Leader:0,ISR:0,LeaderEpoch:0,ControllerEpoch:1),__consumer_offsets-38 -> (Leader:0,ISR:0,LeaderEpoch:0,ControllerEpoch:1),__consumer_offsets-16 -> (Leader:0,ISR:0,LeaderEpoch:0,ControllerEpoch:1),__consumer_offsets-27 -> (Leader:0,ISR:0,LeaderEpoch:0,ControllerEpoch:1),__consumer_offsets-8 -> (Leader:0,ISR:0,LeaderEpoch:0,ControllerEpoch:1),__consumer_offsets-19 -> (Leader:0,ISR:0,LeaderEpoch:0,ControllerEpoch:1),__consumer_offsets-13 -> (Leader:0,ISR:0,LeaderEpoch:0,ControllerEpoch:1),__consumer_offsets-2 -> (Leader:0,ISR:0,LeaderEpoch:0,ControllerEpoch:1),__consumer_offsets-46 -> (Leader:0,ISR:0,LeaderEpoch:0,ControllerEpoch:1),__consumer_offsets-35 -> (Leader:0,ISR:0,LeaderEpoch:0,ControllerEpoch:1),__consumer_offsets-24 -> (Leader:0,ISR:0,LeaderEpoch:0,ControllerEpoch:1),__consumer_offsets-5 -> (Leader:0,ISR:0,LeaderEpoch:0,ControllerEpoch:1),__consumer_offsets-43 -> (Leader:0,ISR:0,LeaderEpoch:0,ControllerEpoch:1),__consumer_offsets-32 -> (Leader:0,ISR:0,LeaderEpoch:0,ControllerEpoch:1),__consumer_offsets-21 -> (Leader:0,ISR:0,LeaderEpoch:0,ControllerEpoch:1),__consumer_offsets-10 -> (Leader:0,ISR:0,LeaderEpoch:0,ControllerEpoch:1),__consumer_offsets-37 -> (Leader:0,ISR:0,LeaderEpoch:0,ControllerEpoch:1),my-replicated-topic-0 -> (Leader:0,ISR:0,2,LeaderEpoch:1,ControllerEpoch:1),__consumer_offsets-48 -> (Leader:0,ISR:0,LeaderEpoch:0,ControllerEpoch:1),__consumer_offsets-40 -> (Leader:0,ISR:0,LeaderEpoch:0,ControllerEpoch:1),__consumer_offsets-18 -> (Leader:0,ISR:0,LeaderEpoch:0,ControllerEpoch:1),__consumer_offsets-29 -> (Leader:0,ISR:0,LeaderEpoch:0,ControllerEpoch:1),__consumer_offsets-7 -> (Leader:0,ISR:0,LeaderEpoch:0,ControllerEpoch:1),__consumer_offsets-23 -> (Leader:0,ISR:0,LeaderEpoch:0,ControllerEpoch:1),__consumer_offsets-45 -> (Leader:0,ISR:0,LeaderEpoch:0,ControllerEpoch:1),__consumer_offsets-34 -> (Leader:0,ISR:0,LeaderEpoch:0,ControllerEpoch:1),__consumer_offsets-26 -> (Leader:0,ISR:0,LeaderEpoch:0,ControllerEpoch:1),__consumer_offsets-4 -> (Leader:0,ISR:0,LeaderEpoch:0,ControllerEpoch:1),__consumer_offsets-15 -> (Leader:0,ISR:0,LeaderEpoch:0,ControllerEpoch:1),__consumer_offsets-42 -> (Leader:0,ISR:0,LeaderEpoch:0,ControllerEpoch:1),__consumer_offsets-31 -> (Leader:0,ISR:0,LeaderEpoch:0,ControllerEpoch:1),__consumer_offsets-9 -> (Leader:0,ISR:0,LeaderEpoch:0,ControllerEpoch:1),__consumer_offsets-20 -> (Leader:0,ISR:0,LeaderEpoch:0,ControllerEpoch:1),test-0 -> (Leader:0,ISR:0,LeaderEpoch:0,ControllerEpoch:1),__consumer_offsets-12 -> (Leader:0,ISR:0,LeaderEpoch:0,ControllerEpoch:1),__consumer_offsets-1 -> (Leader:0,ISR:0,LeaderEpoch:0,ControllerEpoch:1),__consumer_offsets-28 -> (Leader:0,ISR:0,LeaderEpoch:0,ControllerEpoch:1),__consumer_offsets-17 -> (Leader:0,ISR:0,LeaderEpoch:0,ControllerEpoch:1),__consumer_offsets-6 -> (Leader:0,ISR:0,LeaderEpoch:0,ControllerEpoch:1),__consumer_offsets-39 -> (Leader:0,ISR:0,LeaderEpoch:0,ControllerEpoch:1),__consumer_offsets-44 -> (Leader:0,ISR:0,LeaderEpoch:0,ControllerEpoch:1),__consumer_offsets-36 -> (Leader:0,ISR:0,LeaderEpoch:0,ControllerEpoch:1),__consumer_offsets-47 -> (Leader:0,ISR:0,LeaderEpoch:0,ControllerEpoch:1),__consumer_offsets-3 -> (Leader:0,ISR:0,LeaderEpoch:0,ControllerEpoch:1),__consumer_offsets-25 -> (Leader:0,ISR:0,LeaderEpoch:0,ControllerEpoch:1),__consumer_offsets-14 -> (Leader:0,ISR:0,LeaderEpoch:0,ControllerEpoch:1),__consumer_offsets-30 -> (Leader:0,ISR:0,LeaderEpoch:0,ControllerEpoch:1),__consumer_offsets-41 -> (Leader:0,ISR:0,LeaderEpoch:0,ControllerEpoch:1),__consumer_offsets-33 -> (Leader:0,ISR:0,LeaderEpoch:0,ControllerEpoch:1),__consumer_offsets-22 -> (Leader:0,ISR:0,LeaderEpoch:0,ControllerEpoch:1),__consumer_offsets-11 -> (Leader:0,ISR:0,LeaderEpoch:0,ControllerEpoch:1),__consumer_offsets-0 -> (Leader:0,ISR:0,LeaderEpoch:0,ControllerEpoch:1) (kafka.controller.KafkaController)
[2020-03-24 11:47:51,568] INFO [ControllerEventThread controllerId=1] Shutting down (kafka.controller.ControllerEventManager$ControllerEventThread)
[2020-03-24 11:47:51,569] INFO [ControllerEventThread controllerId=1] Stopped (kafka.controller.ControllerEventManager$ControllerEventThread)
[2020-03-24 11:47:51,569] INFO [ControllerEventThread controllerId=1] Shutdown completed (kafka.controller.ControllerEventManager$ControllerEventThread)
[2020-03-24 11:47:51,569] DEBUG [Controller id=1] Resigning (kafka.controller.KafkaController)
[2020-03-24 11:47:51,569] DEBUG [Controller id=1] Unregister BrokerModifications handler for Set() (kafka.controller.KafkaController)
[2020-03-24 11:47:51,570] INFO [PartitionStateMachine controllerId=1] Stopped partition state machine (kafka.controller.ZkPartitionStateMachine)
[2020-03-24 11:47:51,571] INFO [ReplicaStateMachine controllerId=1] Stopped replica state machine (kafka.controller.ZkReplicaStateMachine)
[2020-03-24 11:47:51,573] INFO [Controller id=1] Resigned (kafka.controller.KafkaController)
[2020-03-24 11:47:51,577] INFO [Controller id=0] Newly added brokers: , deleted brokers: 1, bounced brokers: , all live brokers: 0,2 (kafka.controller.KafkaController)
[2020-03-24 11:47:51,577] INFO [RequestSendThread controllerId=0] Shutting down (kafka.controller.RequestSendThread)
[2020-03-24 11:47:51,578] INFO [RequestSendThread controllerId=0] Shutdown completed (kafka.controller.RequestSendThread)
[2020-03-24 11:47:51,578] INFO [RequestSendThread controllerId=0] Stopped (kafka.controller.RequestSendThread)
[2020-03-24 11:47:51,580] INFO [Controller id=0] Broker failure callback for 1 (kafka.controller.KafkaController)
[2020-03-24 11:47:51,581] INFO [Controller id=0] Removed 1 from list of shutting down brokers. (kafka.controller.KafkaController)
[2020-03-24 11:47:51,584] DEBUG [Controller id=0] Unregister BrokerModifications handler for Vector(1) (kafka.controller.KafkaController)
[2020-03-24 11:47:51,585] INFO [Controller id=0] Updated broker epochs cache: Map(0 -> 24, 2 -> 199) (kafka.controller.KafkaController)
[2020-03-24 11:48:14,642] INFO [Controller id=0] Processing automatic preferred replica leader election (kafka.controller.KafkaController)
[2020-03-24 11:48:14,642] TRACE [Controller id=0] Checking need to trigger auto leader balancing (kafka.controller.KafkaController)
[2020-03-24 11:48:14,643] DEBUG [Controller id=0] Preferred replicas by broker Map(0 -> Map(__consumer_offsets-22 -> Vector(0), __consumer_offsets-30 -> Vector(0), __consumer_offsets-8 -> Vector(0), __consumer_offsets-21 -> Vector(0), __consumer_offsets-4 -> Vector(0), __consumer_offsets-27 -> Vector(0), __consumer_offsets-7 -> Vector(0), __consumer_offsets-9 -> Vector(0), __consumer_offsets-46 -> Vector(0), my-replicated-topic-0 -> Vector(0, 2, 1), __consumer_offsets-25 -> Vector(0), __consumer_offsets-35 -> Vector(0), __consumer_offsets-41 -> Vector(0), __consumer_offsets-33 -> Vector(0), __consumer_offsets-23 -> Vector(0), __consumer_offsets-49 -> Vector(0), __consumer_offsets-47 -> Vector(0), __consumer_offsets-16 -> Vector(0), test-0 -> Vector(0), __consumer_offsets-28 -> Vector(0), __consumer_offsets-31 -> Vector(0), __consumer_offsets-36 -> Vector(0), __consumer_offsets-42 -> Vector(0), __consumer_offsets-3 -> Vector(0), __consumer_offsets-18 -> Vector(0), __consumer_offsets-37 -> Vector(0), __consumer_offsets-15 -> Vector(0), __consumer_offsets-24 -> Vector(0), __consumer_offsets-38 -> Vector(0), __consumer_offsets-17 -> Vector(0), __consumer_offsets-48 -> Vector(0), __consumer_offsets-19 -> Vector(0), __consumer_offsets-11 -> Vector(0), __consumer_offsets-13 -> Vector(0), __consumer_offsets-2 -> Vector(0), __consumer_offsets-43 -> Vector(0), __consumer_offsets-6 -> Vector(0), __consumer_offsets-14 -> Vector(0), __consumer_offsets-20 -> Vector(0), __consumer_offsets-0 -> Vector(0), __consumer_offsets-44 -> Vector(0), __consumer_offsets-39 -> Vector(0), __consumer_offsets-12 -> Vector(0), __consumer_offsets-45 -> Vector(0), __consumer_offsets-1 -> Vector(0), __consumer_offsets-5 -> Vector(0), __consumer_offsets-26 -> Vector(0), __consumer_offsets-29 -> Vector(0), __consumer_offsets-34 -> Vector(0), __consumer_offsets-10 -> Vector(0), __consumer_offsets-32 -> Vector(0), __consumer_offsets-40 -> Vector(0))) (kafka.controller.KafkaController)
[2020-03-24 11:48:14,644] DEBUG [Controller id=0] Topics not in preferred replica for broker 0 Map() (kafka.controller.KafkaController)
[2020-03-24 11:48:14,644] TRACE [Controller id=0] Leader imbalance ratio for broker 0 is 0.0 (kafka.controller.KafkaController)
[2020-03-24 11:53:14,644] INFO [Controller id=0] Processing automatic preferred replica leader election (kafka.controller.KafkaController)
[2020-03-24 11:53:14,644] TRACE [Controller id=0] Checking need to trigger auto leader balancing (kafka.controller.KafkaController)
[2020-03-24 11:53:14,647] DEBUG [Controller id=0] Preferred replicas by broker Map(0 -> Map(__consumer_offsets-22 -> Vector(0), __consumer_offsets-30 -> Vector(0), __consumer_offsets-8 -> Vector(0), __consumer_offsets-21 -> Vector(0), __consumer_offsets-4 -> Vector(0), __consumer_offsets-27 -> Vector(0), __consumer_offsets-7 -> Vector(0), __consumer_offsets-9 -> Vector(0), __consumer_offsets-46 -> Vector(0), my-replicated-topic-0 -> Vector(0, 2, 1), __consumer_offsets-25 -> Vector(0), __consumer_offsets-35 -> Vector(0), __consumer_offsets-41 -> Vector(0), __consumer_offsets-33 -> Vector(0), __consumer_offsets-23 -> Vector(0), __consumer_offsets-49 -> Vector(0), __consumer_offsets-47 -> Vector(0), __consumer_offsets-16 -> Vector(0), test-0 -> Vector(0), __consumer_offsets-28 -> Vector(0), __consumer_offsets-31 -> Vector(0), __consumer_offsets-36 -> Vector(0), __consumer_offsets-42 -> Vector(0), __consumer_offsets-3 -> Vector(0), __consumer_offsets-18 -> Vector(0), __consumer_offsets-37 -> Vector(0), __consumer_offsets-15 -> Vector(0), __consumer_offsets-24 -> Vector(0), __consumer_offsets-38 -> Vector(0), __consumer_offsets-17 -> Vector(0), __consumer_offsets-48 -> Vector(0), __consumer_offsets-19 -> Vector(0), __consumer_offsets-11 -> Vector(0), __consumer_offsets-13 -> Vector(0), __consumer_offsets-2 -> Vector(0), __consumer_offsets-43 -> Vector(0), __consumer_offsets-6 -> Vector(0), __consumer_offsets-14 -> Vector(0), __consumer_offsets-20 -> Vector(0), __consumer_offsets-0 -> Vector(0), __consumer_offsets-44 -> Vector(0), __consumer_offsets-39 -> Vector(0), __consumer_offsets-12 -> Vector(0), __consumer_offsets-45 -> Vector(0), __consumer_offsets-1 -> Vector(0), __consumer_offsets-5 -> Vector(0), __consumer_offsets-26 -> Vector(0), __consumer_offsets-29 -> Vector(0), __consumer_offsets-34 -> Vector(0), __consumer_offsets-10 -> Vector(0), __consumer_offsets-32 -> Vector(0), __consumer_offsets-40 -> Vector(0))) (kafka.controller.KafkaController)
[2020-03-24 11:53:14,647] DEBUG [Controller id=0] Topics not in preferred replica for broker 0 Map() (kafka.controller.KafkaController)
[2020-03-24 11:53:14,648] TRACE [Controller id=0] Leader imbalance ratio for broker 0 is 0.0 (kafka.controller.KafkaController)
[2020-03-24 11:56:26,552] INFO [Controller id=0] Shutting down broker 0 (kafka.controller.KafkaController)
[2020-03-24 11:56:26,552] DEBUG [Controller id=0] All shutting down brokers: 0 (kafka.controller.KafkaController)
[2020-03-24 11:56:26,552] DEBUG [Controller id=0] Live brokers: 2 (kafka.controller.KafkaController)
[2020-03-24 11:56:26,581] TRACE [Controller id=0] All leaders = __consumer_offsets-49 -> (Leader:0,ISR:0,LeaderEpoch:0,ControllerEpoch:1),__consumer_offsets-38 -> (Leader:0,ISR:0,LeaderEpoch:0,ControllerEpoch:1),__consumer_offsets-16 -> (Leader:0,ISR:0,LeaderEpoch:0,ControllerEpoch:1),__consumer_offsets-27 -> (Leader:0,ISR:0,LeaderEpoch:0,ControllerEpoch:1),__consumer_offsets-8 -> (Leader:0,ISR:0,LeaderEpoch:0,ControllerEpoch:1),__consumer_offsets-19 -> (Leader:0,ISR:0,LeaderEpoch:0,ControllerEpoch:1),__consumer_offsets-13 -> (Leader:0,ISR:0,LeaderEpoch:0,ControllerEpoch:1),__consumer_offsets-2 -> (Leader:0,ISR:0,LeaderEpoch:0,ControllerEpoch:1),__consumer_offsets-46 -> (Leader:0,ISR:0,LeaderEpoch:0,ControllerEpoch:1),__consumer_offsets-35 -> (Leader:0,ISR:0,LeaderEpoch:0,ControllerEpoch:1),__consumer_offsets-24 -> (Leader:0,ISR:0,LeaderEpoch:0,ControllerEpoch:1),__consumer_offsets-5 -> (Leader:0,ISR:0,LeaderEpoch:0,ControllerEpoch:1),__consumer_offsets-43 -> (Leader:0,ISR:0,LeaderEpoch:0,ControllerEpoch:1),__consumer_offsets-32 -> (Leader:0,ISR:0,LeaderEpoch:0,ControllerEpoch:1),__consumer_offsets-21 -> (Leader:0,ISR:0,LeaderEpoch:0,ControllerEpoch:1),__consumer_offsets-10 -> (Leader:0,ISR:0,LeaderEpoch:0,ControllerEpoch:1),__consumer_offsets-37 -> (Leader:0,ISR:0,LeaderEpoch:0,ControllerEpoch:1),my-replicated-topic-0 -> (Leader:2,ISR:2,LeaderEpoch:2,ControllerEpoch:1),__consumer_offsets-48 -> (Leader:0,ISR:0,LeaderEpoch:0,ControllerEpoch:1),__consumer_offsets-40 -> (Leader:0,ISR:0,LeaderEpoch:0,ControllerEpoch:1),__consumer_offsets-18 -> (Leader:0,ISR:0,LeaderEpoch:0,ControllerEpoch:1),__consumer_offsets-29 -> (Leader:0,ISR:0,LeaderEpoch:0,ControllerEpoch:1),__consumer_offsets-7 -> (Leader:0,ISR:0,LeaderEpoch:0,ControllerEpoch:1),__consumer_offsets-23 -> (Leader:0,ISR:0,LeaderEpoch:0,ControllerEpoch:1),__consumer_offsets-45 -> (Leader:0,ISR:0,LeaderEpoch:0,ControllerEpoch:1),__consumer_offsets-34 -> (Leader:0,ISR:0,LeaderEpoch:0,ControllerEpoch:1),__consumer_offsets-26 -> (Leader:0,ISR:0,LeaderEpoch:0,ControllerEpoch:1),__consumer_offsets-4 -> (Leader:0,ISR:0,LeaderEpoch:0,ControllerEpoch:1),__consumer_offsets-15 -> (Leader:0,ISR:0,LeaderEpoch:0,ControllerEpoch:1),__consumer_offsets-42 -> (Leader:0,ISR:0,LeaderEpoch:0,ControllerEpoch:1),__consumer_offsets-31 -> (Leader:0,ISR:0,LeaderEpoch:0,ControllerEpoch:1),__consumer_offsets-9 -> (Leader:0,ISR:0,LeaderEpoch:0,ControllerEpoch:1),__consumer_offsets-20 -> (Leader:0,ISR:0,LeaderEpoch:0,ControllerEpoch:1),test-0 -> (Leader:0,ISR:0,LeaderEpoch:0,ControllerEpoch:1),__consumer_offsets-12 -> (Leader:0,ISR:0,LeaderEpoch:0,ControllerEpoch:1),__consumer_offsets-1 -> (Leader:0,ISR:0,LeaderEpoch:0,ControllerEpoch:1),__consumer_offsets-28 -> (Leader:0,ISR:0,LeaderEpoch:0,ControllerEpoch:1),__consumer_offsets-17 -> (Leader:0,ISR:0,LeaderEpoch:0,ControllerEpoch:1),__consumer_offsets-6 -> (Leader:0,ISR:0,LeaderEpoch:0,ControllerEpoch:1),__consumer_offsets-39 -> (Leader:0,ISR:0,LeaderEpoch:0,ControllerEpoch:1),__consumer_offsets-44 -> (Leader:0,ISR:0,LeaderEpoch:0,ControllerEpoch:1),__consumer_offsets-36 -> (Leader:0,ISR:0,LeaderEpoch:0,ControllerEpoch:1),__consumer_offsets-47 -> (Leader:0,ISR:0,LeaderEpoch:0,ControllerEpoch:1),__consumer_offsets-3 -> (Leader:0,ISR:0,LeaderEpoch:0,ControllerEpoch:1),__consumer_offsets-25 -> (Leader:0,ISR:0,LeaderEpoch:0,ControllerEpoch:1),__consumer_offsets-14 -> (Leader:0,ISR:0,LeaderEpoch:0,ControllerEpoch:1),__consumer_offsets-30 -> (Leader:0,ISR:0,LeaderEpoch:0,ControllerEpoch:1),__consumer_offsets-41 -> (Leader:0,ISR:0,LeaderEpoch:0,ControllerEpoch:1),__consumer_offsets-33 -> (Leader:0,ISR:0,LeaderEpoch:0,ControllerEpoch:1),__consumer_offsets-22 -> (Leader:0,ISR:0,LeaderEpoch:0,ControllerEpoch:1),__consumer_offsets-11 -> (Leader:0,ISR:0,LeaderEpoch:0,ControllerEpoch:1),__consumer_offsets-0 -> (Leader:0,ISR:0,LeaderEpoch:0,ControllerEpoch:1) (kafka.controller.KafkaController)
[2020-03-24 11:56:26,610] WARN [RequestSendThread controllerId=0] Controller 0 epoch 1 fails to send request (type=LeaderAndIsRequest, controllerId=0, controllerEpoch=1, brokerEpoch=24, partitionStates=[LeaderAndIsrPartitionState(topicName='my-replicated-topic', partitionIndex=0, controllerEpoch=1, leader=2, leaderEpoch=2, isr=[2], zkVersion=2, replicas=[0, 2, 1], addingReplicas=[], removingReplicas=[], isNew=false)], liveLeaders=(fp:9094 (id: 2 rack: null))) to broker fp:9092 (id: 0 rack: null). Reconnecting to broker. (kafka.controller.RequestSendThread)
java.io.IOException: Connection to 0 was disconnected before the response was read
	at org.apache.kafka.clients.NetworkClientUtils.sendAndReceive(NetworkClientUtils.java:100)
	at kafka.controller.RequestSendThread.doWork(ControllerChannelManager.scala:257)
	at kafka.utils.ShutdownableThread.run(ShutdownableThread.scala:96)
[2020-03-24 11:56:26,719] WARN [RequestSendThread controllerId=0] Controller 0's connection to broker fp:9092 (id: 0 rack: null) was unsuccessful (kafka.controller.RequestSendThread)
java.io.IOException: Connection to fp:9092 (id: 0 rack: null) failed.
	at org.apache.kafka.clients.NetworkClientUtils.awaitReady(NetworkClientUtils.java:71)
	at kafka.controller.RequestSendThread.brokerReady(ControllerChannelManager.scala:296)
	at kafka.controller.RequestSendThread.doWork(ControllerChannelManager.scala:250)
	at kafka.utils.ShutdownableThread.run(ShutdownableThread.scala:96)
[2020-03-24 11:56:26,821] WARN [RequestSendThread controllerId=0] Controller 0's connection to broker fp:9092 (id: 0 rack: null) was unsuccessful (kafka.controller.RequestSendThread)
java.io.IOException: Connection to fp:9092 (id: 0 rack: null) failed.
	at org.apache.kafka.clients.NetworkClientUtils.awaitReady(NetworkClientUtils.java:71)
	at kafka.controller.RequestSendThread.brokerReady(ControllerChannelManager.scala:296)
	at kafka.controller.RequestSendThread.doWork(ControllerChannelManager.scala:250)
	at kafka.utils.ShutdownableThread.run(ShutdownableThread.scala:96)
[2020-03-24 11:56:26,923] WARN [RequestSendThread controllerId=0] Controller 0's connection to broker fp:9092 (id: 0 rack: null) was unsuccessful (kafka.controller.RequestSendThread)
java.io.IOException: Connection to fp:9092 (id: 0 rack: null) failed.
	at org.apache.kafka.clients.NetworkClientUtils.awaitReady(NetworkClientUtils.java:71)
	at kafka.controller.RequestSendThread.brokerReady(ControllerChannelManager.scala:296)
	at kafka.controller.RequestSendThread.doWork(ControllerChannelManager.scala:250)
	at kafka.utils.ShutdownableThread.run(ShutdownableThread.scala:96)
[2020-03-24 11:56:27,024] WARN [RequestSendThread controllerId=0] Controller 0's connection to broker fp:9092 (id: 0 rack: null) was unsuccessful (kafka.controller.RequestSendThread)
java.io.IOException: Connection to fp:9092 (id: 0 rack: null) failed.
	at org.apache.kafka.clients.NetworkClientUtils.awaitReady(NetworkClientUtils.java:71)
	at kafka.controller.RequestSendThread.brokerReady(ControllerChannelManager.scala:296)
	at kafka.controller.RequestSendThread.doWork(ControllerChannelManager.scala:250)
	at kafka.utils.ShutdownableThread.run(ShutdownableThread.scala:96)
[2020-03-24 11:56:27,125] WARN [RequestSendThread controllerId=0] Controller 0's connection to broker fp:9092 (id: 0 rack: null) was unsuccessful (kafka.controller.RequestSendThread)
java.io.IOException: Connection to fp:9092 (id: 0 rack: null) failed.
	at org.apache.kafka.clients.NetworkClientUtils.awaitReady(NetworkClientUtils.java:71)
	at kafka.controller.RequestSendThread.brokerReady(ControllerChannelManager.scala:296)
	at kafka.controller.RequestSendThread.doWork(ControllerChannelManager.scala:250)
	at kafka.utils.ShutdownableThread.run(ShutdownableThread.scala:96)
[2020-03-24 11:56:27,226] WARN [RequestSendThread controllerId=0] Controller 0's connection to broker fp:9092 (id: 0 rack: null) was unsuccessful (kafka.controller.RequestSendThread)
java.io.IOException: Connection to fp:9092 (id: 0 rack: null) failed.
	at org.apache.kafka.clients.NetworkClientUtils.awaitReady(NetworkClientUtils.java:71)
	at kafka.controller.RequestSendThread.brokerReady(ControllerChannelManager.scala:296)
	at kafka.controller.RequestSendThread.doWork(ControllerChannelManager.scala:250)
	at kafka.utils.ShutdownableThread.run(ShutdownableThread.scala:96)
[2020-03-24 11:56:27,327] WARN [RequestSendThread controllerId=0] Controller 0's connection to broker fp:9092 (id: 0 rack: null) was unsuccessful (kafka.controller.RequestSendThread)
java.io.IOException: Connection to fp:9092 (id: 0 rack: null) failed.
	at org.apache.kafka.clients.NetworkClientUtils.awaitReady(NetworkClientUtils.java:71)
	at kafka.controller.RequestSendThread.brokerReady(ControllerChannelManager.scala:296)
	at kafka.controller.RequestSendThread.doWork(ControllerChannelManager.scala:250)
	at kafka.utils.ShutdownableThread.run(ShutdownableThread.scala:96)
[2020-03-24 11:56:27,428] WARN [RequestSendThread controllerId=0] Controller 0's connection to broker fp:9092 (id: 0 rack: null) was unsuccessful (kafka.controller.RequestSendThread)
java.io.IOException: Connection to fp:9092 (id: 0 rack: null) failed.
	at org.apache.kafka.clients.NetworkClientUtils.awaitReady(NetworkClientUtils.java:71)
	at kafka.controller.RequestSendThread.brokerReady(ControllerChannelManager.scala:296)
	at kafka.controller.RequestSendThread.doWork(ControllerChannelManager.scala:250)
	at kafka.utils.ShutdownableThread.run(ShutdownableThread.scala:96)
[2020-03-24 11:56:27,529] WARN [RequestSendThread controllerId=0] Controller 0's connection to broker fp:9092 (id: 0 rack: null) was unsuccessful (kafka.controller.RequestSendThread)
java.io.IOException: Connection to fp:9092 (id: 0 rack: null) failed.
	at org.apache.kafka.clients.NetworkClientUtils.awaitReady(NetworkClientUtils.java:71)
	at kafka.controller.RequestSendThread.brokerReady(ControllerChannelManager.scala:296)
	at kafka.controller.RequestSendThread.doWork(ControllerChannelManager.scala:250)
	at kafka.utils.ShutdownableThread.run(ShutdownableThread.scala:96)
[2020-03-24 11:56:27,630] WARN [RequestSendThread controllerId=0] Controller 0's connection to broker fp:9092 (id: 0 rack: null) was unsuccessful (kafka.controller.RequestSendThread)
java.io.IOException: Connection to fp:9092 (id: 0 rack: null) failed.
	at org.apache.kafka.clients.NetworkClientUtils.awaitReady(NetworkClientUtils.java:71)
	at kafka.controller.RequestSendThread.brokerReady(ControllerChannelManager.scala:296)
	at kafka.controller.RequestSendThread.doWork(ControllerChannelManager.scala:250)
	at kafka.utils.ShutdownableThread.run(ShutdownableThread.scala:96)
[2020-03-24 11:56:27,731] WARN [RequestSendThread controllerId=0] Controller 0's connection to broker fp:9092 (id: 0 rack: null) was unsuccessful (kafka.controller.RequestSendThread)
java.io.IOException: Connection to fp:9092 (id: 0 rack: null) failed.
	at org.apache.kafka.clients.NetworkClientUtils.awaitReady(NetworkClientUtils.java:71)
	at kafka.controller.RequestSendThread.brokerReady(ControllerChannelManager.scala:296)
	at kafka.controller.RequestSendThread.doWork(ControllerChannelManager.scala:250)
	at kafka.utils.ShutdownableThread.run(ShutdownableThread.scala:96)
[2020-03-24 11:56:27,832] WARN [RequestSendThread controllerId=0] Controller 0's connection to broker fp:9092 (id: 0 rack: null) was unsuccessful (kafka.controller.RequestSendThread)
java.io.IOException: Connection to fp:9092 (id: 0 rack: null) failed.
	at org.apache.kafka.clients.NetworkClientUtils.awaitReady(NetworkClientUtils.java:71)
	at kafka.controller.RequestSendThread.brokerReady(ControllerChannelManager.scala:296)
	at kafka.controller.RequestSendThread.doWork(ControllerChannelManager.scala:250)
	at kafka.utils.ShutdownableThread.run(ShutdownableThread.scala:96)
[2020-03-24 11:56:27,898] INFO [ControllerEventThread controllerId=0] Shutting down (kafka.controller.ControllerEventManager$ControllerEventThread)
[2020-03-24 11:56:27,899] INFO [ControllerEventThread controllerId=0] Stopped (kafka.controller.ControllerEventManager$ControllerEventThread)
[2020-03-24 11:56:27,899] INFO [ControllerEventThread controllerId=0] Shutdown completed (kafka.controller.ControllerEventManager$ControllerEventThread)
[2020-03-24 11:56:27,900] DEBUG [Controller id=0] Resigning (kafka.controller.KafkaController)
[2020-03-24 11:56:27,900] DEBUG [Controller id=0] Unregister BrokerModifications handler for Set(2, 0) (kafka.controller.KafkaController)
[2020-03-24 11:56:27,901] INFO [PartitionStateMachine controllerId=0] Stopped partition state machine (kafka.controller.ZkPartitionStateMachine)
[2020-03-24 11:56:27,902] INFO [ReplicaStateMachine controllerId=0] Stopped replica state machine (kafka.controller.ZkReplicaStateMachine)
[2020-03-24 11:56:27,902] INFO [RequestSendThread controllerId=0] Shutting down (kafka.controller.RequestSendThread)
[2020-03-24 11:56:27,902] INFO [RequestSendThread controllerId=0] Stopped (kafka.controller.RequestSendThread)
[2020-03-24 11:56:27,902] INFO [RequestSendThread controllerId=0] Shutdown completed (kafka.controller.RequestSendThread)
[2020-03-24 11:56:27,904] INFO [RequestSendThread controllerId=0] Shutting down (kafka.controller.RequestSendThread)
[2020-03-24 11:56:27,904] WARN [RequestSendThread controllerId=0] Controller 0 epoch 1 fails to send request (type=LeaderAndIsRequest, controllerId=0, controllerEpoch=1, brokerEpoch=24, partitionStates=[LeaderAndIsrPartitionState(topicName='my-replicated-topic', partitionIndex=0, controllerEpoch=1, leader=2, leaderEpoch=2, isr=[2], zkVersion=2, replicas=[0, 2, 1], addingReplicas=[], removingReplicas=[], isNew=false)], liveLeaders=(fp:9094 (id: 2 rack: null))) to broker fp:9092 (id: 0 rack: null). Reconnecting to broker. (kafka.controller.RequestSendThread)
java.lang.InterruptedException
	at java.util.concurrent.locks.AbstractQueuedSynchronizer.doAcquireSharedNanos(AbstractQueuedSynchronizer.java:1039)
	at java.util.concurrent.locks.AbstractQueuedSynchronizer.tryAcquireSharedNanos(AbstractQueuedSynchronizer.java:1328)
	at java.util.concurrent.CountDownLatch.await(CountDownLatch.java:277)
	at kafka.utils.ShutdownableThread.pause(ShutdownableThread.scala:82)
	at kafka.controller.RequestSendThread.backoff$1(ControllerChannelManager.scala:238)
	at kafka.controller.RequestSendThread.doWork(ControllerChannelManager.scala:252)
	at kafka.utils.ShutdownableThread.run(ShutdownableThread.scala:96)
[2020-03-24 11:56:27,904] TRACE [RequestSendThread controllerId=0] shutdownInitiated latch count reached zero. Shutdown called. (kafka.controller.RequestSendThread)
[2020-03-24 11:56:27,904] INFO [RequestSendThread controllerId=0] Stopped (kafka.controller.RequestSendThread)
[2020-03-24 11:56:27,904] INFO [RequestSendThread controllerId=0] Shutdown completed (kafka.controller.RequestSendThread)
[2020-03-24 11:56:27,906] INFO [Controller id=0] Resigned (kafka.controller.KafkaController)
[2020-03-24 11:56:27,919] INFO [Controller id=2] 2 successfully elected as the controller. Epoch incremented to 2 and epoch zk version is now 2 (kafka.controller.KafkaController)
[2020-03-24 11:56:27,919] INFO [Controller id=2] Registering handlers (kafka.controller.KafkaController)
[2020-03-24 11:56:27,922] INFO [Controller id=2] Deleting log dir event notifications (kafka.controller.KafkaController)
[2020-03-24 11:56:27,923] INFO [Controller id=2] Deleting isr change notifications (kafka.controller.KafkaController)
[2020-03-24 11:56:27,924] INFO [Controller id=2] Initializing controller context (kafka.controller.KafkaController)
[2020-03-24 11:56:27,928] INFO [Controller id=2] Initialized broker epochs cache: Map(2 -> 199) (kafka.controller.KafkaController)
[2020-03-24 11:56:27,935] DEBUG [Controller id=2] Register BrokerModifications handler for Set(2) (kafka.controller.KafkaController)
[2020-03-24 11:56:27,961] DEBUG [Channel manager on controller 2]: Controller 2 trying to connect to broker 2 (kafka.controller.ControllerChannelManager)
[2020-03-24 11:56:27,968] INFO [RequestSendThread controllerId=2] Starting (kafka.controller.RequestSendThread)
[2020-03-24 11:56:27,968] INFO [Controller id=2] Currently active brokers in the cluster: Set(2) (kafka.controller.KafkaController)
[2020-03-24 11:56:27,969] INFO [Controller id=2] Currently shutting brokers in the cluster: Set() (kafka.controller.KafkaController)
[2020-03-24 11:56:27,969] INFO [Controller id=2] Current list of topics in the cluster: Set(test, my-replicated-topic, __consumer_offsets) (kafka.controller.KafkaController)
[2020-03-24 11:56:27,969] INFO [Controller id=2] Fetching topic deletions in progress (kafka.controller.KafkaController)
[2020-03-24 11:56:27,975] INFO [Controller id=2] List of topics to be deleted:  (kafka.controller.KafkaController)
[2020-03-24 11:56:27,975] INFO [Controller id=2] List of topics ineligible for deletion: test,my-replicated-topic,__consumer_offsets (kafka.controller.KafkaController)
[2020-03-24 11:56:27,975] INFO [Controller id=2] Initializing topic deletion manager (kafka.controller.KafkaController)
[2020-03-24 11:56:27,976] INFO [Topic Deletion Manager 2] Initializing manager with initial deletions: Set(), initial ineligible deletions: Set(test, my-replicated-topic, __consumer_offsets) (kafka.controller.TopicDeletionManager)
[2020-03-24 11:56:27,976] INFO [Controller id=2] Sending update metadata request (kafka.controller.KafkaController)
[2020-03-24 11:56:27,984] INFO [RequestSendThread controllerId=2] Controller 2 connected to fp:9094 (id: 2 rack: null) for sending state change requests (kafka.controller.RequestSendThread)
[2020-03-24 11:56:27,984] INFO [ReplicaStateMachine controllerId=2] Initializing replica state (kafka.controller.ZkReplicaStateMachine)
[2020-03-24 11:56:27,990] INFO [ReplicaStateMachine controllerId=2] Triggering online replica state changes (kafka.controller.ZkReplicaStateMachine)
[2020-03-24 11:56:28,006] INFO [ReplicaStateMachine controllerId=2] Triggering offline replica state changes (kafka.controller.ZkReplicaStateMachine)
[2020-03-24 11:56:28,129] DEBUG [ReplicaStateMachine controllerId=2] Started replica state machine with initial state -> Map([Topic=__consumer_offsets,Partition=21,Replica=0] -> OfflineReplica, [Topic=my-replicated-topic,Partition=0,Replica=0] -> OfflineReplica, [Topic=__consumer_offsets,Partition=42,Replica=0] -> OfflineReplica, [Topic=__consumer_offsets,Partition=46,Replica=0] -> OfflineReplica, [Topic=my-replicated-topic,Partition=0,Replica=2] -> OnlineReplica, [Topic=my-replicated-topic,Partition=0,Replica=1] -> OfflineReplica, [Topic=__consumer_offsets,Partition=39,Replica=0] -> OfflineReplica, [Topic=__consumer_offsets,Partition=7,Replica=0] -> OfflineReplica, [Topic=__consumer_offsets,Partition=13,Replica=0] -> OfflineReplica, [Topic=__consumer_offsets,Partition=49,Replica=0] -> OfflineReplica, [Topic=__consumer_offsets,Partition=48,Replica=0] -> OfflineReplica, [Topic=__consumer_offsets,Partition=15,Replica=0] -> OfflineReplica, [Topic=__consumer_offsets,Partition=38,Replica=0] -> OfflineReplica, [Topic=__consumer_offsets,Partition=2,Replica=0] -> OfflineReplica, [Topic=__consumer_offsets,Partition=28,Replica=0] -> OfflineReplica, [Topic=__consumer_offsets,Partition=23,Replica=0] -> OfflineReplica, [Topic=__consumer_offsets,Partition=32,Replica=0] -> OfflineReplica, [Topic=__consumer_offsets,Partition=10,Replica=0] -> OfflineReplica, [Topic=__consumer_offsets,Partition=18,Replica=0] -> OfflineReplica, [Topic=__consumer_offsets,Partition=33,Replica=0] -> OfflineReplica, [Topic=__consumer_offsets,Partition=5,Replica=0] -> OfflineReplica, [Topic=__consumer_offsets,Partition=17,Replica=0] -> OfflineReplica, [Topic=__consumer_offsets,Partition=8,Replica=0] -> OfflineReplica, [Topic=__consumer_offsets,Partition=19,Replica=0] -> OfflineReplica, [Topic=__consumer_offsets,Partition=37,Replica=0] -> OfflineReplica, [Topic=__consumer_offsets,Partition=43,Replica=0] -> OfflineReplica, [Topic=__consumer_offsets,Partition=6,Replica=0] -> OfflineReplica, [Topic=__consumer_offsets,Partition=9,Replica=0] -> OfflineReplica, [Topic=__consumer_offsets,Partition=30,Replica=0] -> OfflineReplica, [Topic=__consumer_offsets,Partition=3,Replica=0] -> OfflineReplica, [Topic=__consumer_offsets,Partition=25,Replica=0] -> OfflineReplica, [Topic=__consumer_offsets,Partition=47,Replica=0] -> OfflineReplica, [Topic=__consumer_offsets,Partition=36,Replica=0] -> OfflineReplica, [Topic=__consumer_offsets,Partition=11,Replica=0] -> OfflineReplica, [Topic=__consumer_offsets,Partition=34,Replica=0] -> OfflineReplica, [Topic=__consumer_offsets,Partition=27,Replica=0] -> OfflineReplica, [Topic=__consumer_offsets,Partition=12,Replica=0] -> OfflineReplica, [Topic=__consumer_offsets,Partition=44,Replica=0] -> OfflineReplica, [Topic=__consumer_offsets,Partition=1,Replica=0] -> OfflineReplica, [Topic=__consumer_offsets,Partition=45,Replica=0] -> OfflineReplica, [Topic=__consumer_offsets,Partition=24,Replica=0] -> OfflineReplica, [Topic=__consumer_offsets,Partition=22,Replica=0] -> OfflineReplica, [Topic=__consumer_offsets,Partition=0,Replica=0] -> OfflineReplica, [Topic=__consumer_offsets,Partition=31,Replica=0] -> OfflineReplica, [Topic=__consumer_offsets,Partition=14,Replica=0] -> OfflineReplica, [Topic=__consumer_offsets,Partition=40,Replica=0] -> OfflineReplica, [Topic=__consumer_offsets,Partition=4,Replica=0] -> OfflineReplica, [Topic=__consumer_offsets,Partition=20,Replica=0] -> OfflineReplica, [Topic=__consumer_offsets,Partition=41,Replica=0] -> OfflineReplica, [Topic=test,Partition=0,Replica=0] -> OfflineReplica, [Topic=__consumer_offsets,Partition=26,Replica=0] -> OfflineReplica, [Topic=__consumer_offsets,Partition=29,Replica=0] -> OfflineReplica, [Topic=__consumer_offsets,Partition=16,Replica=0] -> OfflineReplica, [Topic=__consumer_offsets,Partition=35,Replica=0] -> OfflineReplica) (kafka.controller.ZkReplicaStateMachine)
[2020-03-24 11:56:28,130] INFO [PartitionStateMachine controllerId=2] Initializing partition state (kafka.controller.ZkPartitionStateMachine)
[2020-03-24 11:56:28,134] INFO [PartitionStateMachine controllerId=2] Triggering online partition state changes (kafka.controller.ZkPartitionStateMachine)
[2020-03-24 11:56:28,168] DEBUG [PartitionStateMachine controllerId=2] Started partition state machine with initial state -> Map(__consumer_offsets-49 -> OfflinePartition, __consumer_offsets-38 -> OfflinePartition, __consumer_offsets-16 -> OfflinePartition, __consumer_offsets-27 -> OfflinePartition, __consumer_offsets-8 -> OfflinePartition, __consumer_offsets-19 -> OfflinePartition, __consumer_offsets-13 -> OfflinePartition, __consumer_offsets-2 -> OfflinePartition, __consumer_offsets-46 -> OfflinePartition, __consumer_offsets-35 -> OfflinePartition, __consumer_offsets-24 -> OfflinePartition, __consumer_offsets-5 -> OfflinePartition, __consumer_offsets-43 -> OfflinePartition, __consumer_offsets-32 -> OfflinePartition, __consumer_offsets-21 -> OfflinePartition, __consumer_offsets-10 -> OfflinePartition, __consumer_offsets-37 -> OfflinePartition, my-replicated-topic-0 -> OnlinePartition, __consumer_offsets-48 -> OfflinePartition, __consumer_offsets-40 -> OfflinePartition, __consumer_offsets-18 -> OfflinePartition, __consumer_offsets-29 -> OfflinePartition, __consumer_offsets-7 -> OfflinePartition, __consumer_offsets-23 -> OfflinePartition, __consumer_offsets-45 -> OfflinePartition, __consumer_offsets-34 -> OfflinePartition, __consumer_offsets-26 -> OfflinePartition, __consumer_offsets-4 -> OfflinePartition, __consumer_offsets-15 -> OfflinePartition, __consumer_offsets-42 -> OfflinePartition, __consumer_offsets-31 -> OfflinePartition, __consumer_offsets-9 -> OfflinePartition, __consumer_offsets-20 -> OfflinePartition, test-0 -> OfflinePartition, __consumer_offsets-12 -> OfflinePartition, __consumer_offsets-1 -> OfflinePartition, __consumer_offsets-28 -> OfflinePartition, __consumer_offsets-17 -> OfflinePartition, __consumer_offsets-6 -> OfflinePartition, __consumer_offsets-39 -> OfflinePartition, __consumer_offsets-44 -> OfflinePartition, __consumer_offsets-36 -> OfflinePartition, __consumer_offsets-47 -> OfflinePartition, __consumer_offsets-3 -> OfflinePartition, __consumer_offsets-25 -> OfflinePartition, __consumer_offsets-14 -> OfflinePartition, __consumer_offsets-30 -> OfflinePartition, __consumer_offsets-41 -> OfflinePartition, __consumer_offsets-33 -> OfflinePartition, __consumer_offsets-22 -> OfflinePartition, __consumer_offsets-11 -> OfflinePartition, __consumer_offsets-0 -> OfflinePartition) (kafka.controller.ZkPartitionStateMachine)
[2020-03-24 11:56:28,169] INFO [Controller id=2] Ready to serve as the new controller with epoch 2 (kafka.controller.KafkaController)
[2020-03-24 11:56:28,171] INFO [Controller id=2] Partitions undergoing preferred replica election:  (kafka.controller.KafkaController)
[2020-03-24 11:56:28,171] INFO [Controller id=2] Partitions that completed preferred replica election:  (kafka.controller.KafkaController)
[2020-03-24 11:56:28,172] INFO [Controller id=2] Skipping preferred replica election for partitions due to topic deletion:  (kafka.controller.KafkaController)
[2020-03-24 11:56:28,172] INFO [Controller id=2] Resuming preferred replica election for partitions:  (kafka.controller.KafkaController)
[2020-03-24 11:56:28,172] INFO [Controller id=2] Starting replica leader election (PREFERRED) for partitions  triggered by ZkTriggered (kafka.controller.KafkaController)
[2020-03-24 11:56:28,177] INFO [Controller id=2] Starting the controller scheduler (kafka.controller.KafkaController)
[2020-03-24 11:56:33,178] INFO [Controller id=2] Processing automatic preferred replica leader election (kafka.controller.KafkaController)
[2020-03-24 11:56:33,179] TRACE [Controller id=2] Checking need to trigger auto leader balancing (kafka.controller.KafkaController)
[2020-03-24 11:56:33,187] DEBUG [Controller id=2] Preferred replicas by broker Map(0 -> Map(__consumer_offsets-22 -> Vector(0), __consumer_offsets-30 -> Vector(0), __consumer_offsets-8 -> Vector(0), __consumer_offsets-21 -> Vector(0), __consumer_offsets-4 -> Vector(0), __consumer_offsets-27 -> Vector(0), __consumer_offsets-7 -> Vector(0), __consumer_offsets-9 -> Vector(0), __consumer_offsets-46 -> Vector(0), my-replicated-topic-0 -> Vector(0, 2, 1), __consumer_offsets-25 -> Vector(0), __consumer_offsets-35 -> Vector(0), __consumer_offsets-41 -> Vector(0), __consumer_offsets-33 -> Vector(0), __consumer_offsets-23 -> Vector(0), __consumer_offsets-49 -> Vector(0), __consumer_offsets-47 -> Vector(0), __consumer_offsets-16 -> Vector(0), test-0 -> Vector(0), __consumer_offsets-28 -> Vector(0), __consumer_offsets-31 -> Vector(0), __consumer_offsets-36 -> Vector(0), __consumer_offsets-42 -> Vector(0), __consumer_offsets-3 -> Vector(0), __consumer_offsets-18 -> Vector(0), __consumer_offsets-37 -> Vector(0), __consumer_offsets-15 -> Vector(0), __consumer_offsets-24 -> Vector(0), __consumer_offsets-38 -> Vector(0), __consumer_offsets-17 -> Vector(0), __consumer_offsets-48 -> Vector(0), __consumer_offsets-19 -> Vector(0), __consumer_offsets-11 -> Vector(0), __consumer_offsets-13 -> Vector(0), __consumer_offsets-2 -> Vector(0), __consumer_offsets-43 -> Vector(0), __consumer_offsets-6 -> Vector(0), __consumer_offsets-14 -> Vector(0), __consumer_offsets-20 -> Vector(0), __consumer_offsets-0 -> Vector(0), __consumer_offsets-44 -> Vector(0), __consumer_offsets-39 -> Vector(0), __consumer_offsets-12 -> Vector(0), __consumer_offsets-45 -> Vector(0), __consumer_offsets-1 -> Vector(0), __consumer_offsets-5 -> Vector(0), __consumer_offsets-26 -> Vector(0), __consumer_offsets-29 -> Vector(0), __consumer_offsets-34 -> Vector(0), __consumer_offsets-10 -> Vector(0), __consumer_offsets-32 -> Vector(0), __consumer_offsets-40 -> Vector(0))) (kafka.controller.KafkaController)
[2020-03-24 11:56:33,189] DEBUG [Controller id=2] Topics not in preferred replica for broker 0 Map(__consumer_offsets-22 -> Vector(0), __consumer_offsets-30 -> Vector(0), __consumer_offsets-8 -> Vector(0), __consumer_offsets-21 -> Vector(0), __consumer_offsets-4 -> Vector(0), __consumer_offsets-27 -> Vector(0), __consumer_offsets-7 -> Vector(0), __consumer_offsets-9 -> Vector(0), __consumer_offsets-46 -> Vector(0), my-replicated-topic-0 -> Vector(0, 2, 1), __consumer_offsets-25 -> Vector(0), __consumer_offsets-35 -> Vector(0), __consumer_offsets-41 -> Vector(0), __consumer_offsets-33 -> Vector(0), __consumer_offsets-23 -> Vector(0), __consumer_offsets-49 -> Vector(0), __consumer_offsets-47 -> Vector(0), __consumer_offsets-16 -> Vector(0), test-0 -> Vector(0), __consumer_offsets-28 -> Vector(0), __consumer_offsets-31 -> Vector(0), __consumer_offsets-36 -> Vector(0), __consumer_offsets-42 -> Vector(0), __consumer_offsets-3 -> Vector(0), __consumer_offsets-18 -> Vector(0), __consumer_offsets-37 -> Vector(0), __consumer_offsets-15 -> Vector(0), __consumer_offsets-24 -> Vector(0), __consumer_offsets-38 -> Vector(0), __consumer_offsets-17 -> Vector(0), __consumer_offsets-48 -> Vector(0), __consumer_offsets-19 -> Vector(0), __consumer_offsets-11 -> Vector(0), __consumer_offsets-13 -> Vector(0), __consumer_offsets-2 -> Vector(0), __consumer_offsets-43 -> Vector(0), __consumer_offsets-6 -> Vector(0), __consumer_offsets-14 -> Vector(0), __consumer_offsets-20 -> Vector(0), __consumer_offsets-0 -> Vector(0), __consumer_offsets-44 -> Vector(0), __consumer_offsets-39 -> Vector(0), __consumer_offsets-12 -> Vector(0), __consumer_offsets-45 -> Vector(0), __consumer_offsets-1 -> Vector(0), __consumer_offsets-5 -> Vector(0), __consumer_offsets-26 -> Vector(0), __consumer_offsets-29 -> Vector(0), __consumer_offsets-34 -> Vector(0), __consumer_offsets-10 -> Vector(0), __consumer_offsets-32 -> Vector(0), __consumer_offsets-40 -> Vector(0)) (kafka.controller.KafkaController)
[2020-03-24 11:56:33,191] TRACE [Controller id=2] Leader imbalance ratio for broker 0 is 1.0 (kafka.controller.KafkaController)
[2020-03-24 11:56:33,192] INFO [Controller id=2] Starting replica leader election (PREFERRED) for partitions  triggered by AutoTriggered (kafka.controller.KafkaController)
[2020-03-24 11:56:40,210] INFO [Controller id=2] Shutting down broker 2 (kafka.controller.KafkaController)
[2020-03-24 11:56:40,210] DEBUG [Controller id=2] All shutting down brokers: 2 (kafka.controller.KafkaController)
[2020-03-24 11:56:40,211] DEBUG [Controller id=2] Live brokers:  (kafka.controller.KafkaController)
[2020-03-24 11:56:40,220] TRACE [Controller id=2] All leaders = __consumer_offsets-49 -> (Leader:-1,ISR:0,LeaderEpoch:1,ControllerEpoch:2),__consumer_offsets-38 -> (Leader:-1,ISR:0,LeaderEpoch:1,ControllerEpoch:2),__consumer_offsets-16 -> (Leader:-1,ISR:0,LeaderEpoch:1,ControllerEpoch:2),__consumer_offsets-27 -> (Leader:-1,ISR:0,LeaderEpoch:1,ControllerEpoch:2),__consumer_offsets-8 -> (Leader:-1,ISR:0,LeaderEpoch:1,ControllerEpoch:2),__consumer_offsets-19 -> (Leader:-1,ISR:0,LeaderEpoch:1,ControllerEpoch:2),__consumer_offsets-13 -> (Leader:-1,ISR:0,LeaderEpoch:1,ControllerEpoch:2),__consumer_offsets-2 -> (Leader:-1,ISR:0,LeaderEpoch:1,ControllerEpoch:2),__consumer_offsets-46 -> (Leader:-1,ISR:0,LeaderEpoch:1,ControllerEpoch:2),__consumer_offsets-35 -> (Leader:-1,ISR:0,LeaderEpoch:1,ControllerEpoch:2),__consumer_offsets-24 -> (Leader:-1,ISR:0,LeaderEpoch:1,ControllerEpoch:2),__consumer_offsets-5 -> (Leader:-1,ISR:0,LeaderEpoch:1,ControllerEpoch:2),__consumer_offsets-43 -> (Leader:-1,ISR:0,LeaderEpoch:1,ControllerEpoch:2),__consumer_offsets-32 -> (Leader:-1,ISR:0,LeaderEpoch:1,ControllerEpoch:2),__consumer_offsets-21 -> (Leader:-1,ISR:0,LeaderEpoch:1,ControllerEpoch:2),__consumer_offsets-10 -> (Leader:-1,ISR:0,LeaderEpoch:1,ControllerEpoch:2),__consumer_offsets-37 -> (Leader:-1,ISR:0,LeaderEpoch:1,ControllerEpoch:2),my-replicated-topic-0 -> (Leader:2,ISR:2,LeaderEpoch:2,ControllerEpoch:2),__consumer_offsets-48 -> (Leader:-1,ISR:0,LeaderEpoch:1,ControllerEpoch:2),__consumer_offsets-40 -> (Leader:-1,ISR:0,LeaderEpoch:1,ControllerEpoch:2),__consumer_offsets-18 -> (Leader:-1,ISR:0,LeaderEpoch:1,ControllerEpoch:2),__consumer_offsets-29 -> (Leader:-1,ISR:0,LeaderEpoch:1,ControllerEpoch:2),__consumer_offsets-7 -> (Leader:-1,ISR:0,LeaderEpoch:1,ControllerEpoch:2),__consumer_offsets-23 -> (Leader:-1,ISR:0,LeaderEpoch:1,ControllerEpoch:2),__consumer_offsets-45 -> (Leader:-1,ISR:0,LeaderEpoch:1,ControllerEpoch:2),__consumer_offsets-34 -> (Leader:-1,ISR:0,LeaderEpoch:1,ControllerEpoch:2),__consumer_offsets-26 -> (Leader:-1,ISR:0,LeaderEpoch:1,ControllerEpoch:2),__consumer_offsets-4 -> (Leader:-1,ISR:0,LeaderEpoch:1,ControllerEpoch:2),__consumer_offsets-15 -> (Leader:-1,ISR:0,LeaderEpoch:1,ControllerEpoch:2),__consumer_offsets-42 -> (Leader:-1,ISR:0,LeaderEpoch:1,ControllerEpoch:2),__consumer_offsets-31 -> (Leader:-1,ISR:0,LeaderEpoch:1,ControllerEpoch:2),__consumer_offsets-9 -> (Leader:-1,ISR:0,LeaderEpoch:1,ControllerEpoch:2),__consumer_offsets-20 -> (Leader:-1,ISR:0,LeaderEpoch:1,ControllerEpoch:2),test-0 -> (Leader:-1,ISR:0,LeaderEpoch:1,ControllerEpoch:2),__consumer_offsets-12 -> (Leader:-1,ISR:0,LeaderEpoch:1,ControllerEpoch:2),__consumer_offsets-1 -> (Leader:-1,ISR:0,LeaderEpoch:1,ControllerEpoch:2),__consumer_offsets-28 -> (Leader:-1,ISR:0,LeaderEpoch:1,ControllerEpoch:2),__consumer_offsets-17 -> (Leader:-1,ISR:0,LeaderEpoch:1,ControllerEpoch:2),__consumer_offsets-6 -> (Leader:-1,ISR:0,LeaderEpoch:1,ControllerEpoch:2),__consumer_offsets-39 -> (Leader:-1,ISR:0,LeaderEpoch:1,ControllerEpoch:2),__consumer_offsets-44 -> (Leader:-1,ISR:0,LeaderEpoch:1,ControllerEpoch:2),__consumer_offsets-36 -> (Leader:-1,ISR:0,LeaderEpoch:1,ControllerEpoch:2),__consumer_offsets-47 -> (Leader:-1,ISR:0,LeaderEpoch:1,ControllerEpoch:2),__consumer_offsets-3 -> (Leader:-1,ISR:0,LeaderEpoch:1,ControllerEpoch:2),__consumer_offsets-25 -> (Leader:-1,ISR:0,LeaderEpoch:1,ControllerEpoch:2),__consumer_offsets-14 -> (Leader:-1,ISR:0,LeaderEpoch:1,ControllerEpoch:2),__consumer_offsets-30 -> (Leader:-1,ISR:0,LeaderEpoch:1,ControllerEpoch:2),__consumer_offsets-41 -> (Leader:-1,ISR:0,LeaderEpoch:1,ControllerEpoch:2),__consumer_offsets-33 -> (Leader:-1,ISR:0,LeaderEpoch:1,ControllerEpoch:2),__consumer_offsets-22 -> (Leader:-1,ISR:0,LeaderEpoch:1,ControllerEpoch:2),__consumer_offsets-11 -> (Leader:-1,ISR:0,LeaderEpoch:1,ControllerEpoch:2),__consumer_offsets-0 -> (Leader:-1,ISR:0,LeaderEpoch:1,ControllerEpoch:2) (kafka.controller.KafkaController)
[2020-03-24 11:56:45,228] INFO [Controller id=2] Shutting down broker 2 (kafka.controller.KafkaController)
[2020-03-24 11:56:45,228] DEBUG [Controller id=2] All shutting down brokers: 2 (kafka.controller.KafkaController)
[2020-03-24 11:56:45,228] DEBUG [Controller id=2] Live brokers:  (kafka.controller.KafkaController)
[2020-03-24 11:56:45,233] TRACE [Controller id=2] All leaders = __consumer_offsets-49 -> (Leader:-1,ISR:0,LeaderEpoch:1,ControllerEpoch:2),__consumer_offsets-38 -> (Leader:-1,ISR:0,LeaderEpoch:1,ControllerEpoch:2),__consumer_offsets-16 -> (Leader:-1,ISR:0,LeaderEpoch:1,ControllerEpoch:2),__consumer_offsets-27 -> (Leader:-1,ISR:0,LeaderEpoch:1,ControllerEpoch:2),__consumer_offsets-8 -> (Leader:-1,ISR:0,LeaderEpoch:1,ControllerEpoch:2),__consumer_offsets-19 -> (Leader:-1,ISR:0,LeaderEpoch:1,ControllerEpoch:2),__consumer_offsets-13 -> (Leader:-1,ISR:0,LeaderEpoch:1,ControllerEpoch:2),__consumer_offsets-2 -> (Leader:-1,ISR:0,LeaderEpoch:1,ControllerEpoch:2),__consumer_offsets-46 -> (Leader:-1,ISR:0,LeaderEpoch:1,ControllerEpoch:2),__consumer_offsets-35 -> (Leader:-1,ISR:0,LeaderEpoch:1,ControllerEpoch:2),__consumer_offsets-24 -> (Leader:-1,ISR:0,LeaderEpoch:1,ControllerEpoch:2),__consumer_offsets-5 -> (Leader:-1,ISR:0,LeaderEpoch:1,ControllerEpoch:2),__consumer_offsets-43 -> (Leader:-1,ISR:0,LeaderEpoch:1,ControllerEpoch:2),__consumer_offsets-32 -> (Leader:-1,ISR:0,LeaderEpoch:1,ControllerEpoch:2),__consumer_offsets-21 -> (Leader:-1,ISR:0,LeaderEpoch:1,ControllerEpoch:2),__consumer_offsets-10 -> (Leader:-1,ISR:0,LeaderEpoch:1,ControllerEpoch:2),__consumer_offsets-37 -> (Leader:-1,ISR:0,LeaderEpoch:1,ControllerEpoch:2),my-replicated-topic-0 -> (Leader:2,ISR:2,LeaderEpoch:2,ControllerEpoch:2),__consumer_offsets-48 -> (Leader:-1,ISR:0,LeaderEpoch:1,ControllerEpoch:2),__consumer_offsets-40 -> (Leader:-1,ISR:0,LeaderEpoch:1,ControllerEpoch:2),__consumer_offsets-18 -> (Leader:-1,ISR:0,LeaderEpoch:1,ControllerEpoch:2),__consumer_offsets-29 -> (Leader:-1,ISR:0,LeaderEpoch:1,ControllerEpoch:2),__consumer_offsets-7 -> (Leader:-1,ISR:0,LeaderEpoch:1,ControllerEpoch:2),__consumer_offsets-23 -> (Leader:-1,ISR:0,LeaderEpoch:1,ControllerEpoch:2),__consumer_offsets-45 -> (Leader:-1,ISR:0,LeaderEpoch:1,ControllerEpoch:2),__consumer_offsets-34 -> (Leader:-1,ISR:0,LeaderEpoch:1,ControllerEpoch:2),__consumer_offsets-26 -> (Leader:-1,ISR:0,LeaderEpoch:1,ControllerEpoch:2),__consumer_offsets-4 -> (Leader:-1,ISR:0,LeaderEpoch:1,ControllerEpoch:2),__consumer_offsets-15 -> (Leader:-1,ISR:0,LeaderEpoch:1,ControllerEpoch:2),__consumer_offsets-42 -> (Leader:-1,ISR:0,LeaderEpoch:1,ControllerEpoch:2),__consumer_offsets-31 -> (Leader:-1,ISR:0,LeaderEpoch:1,ControllerEpoch:2),__consumer_offsets-9 -> (Leader:-1,ISR:0,LeaderEpoch:1,ControllerEpoch:2),__consumer_offsets-20 -> (Leader:-1,ISR:0,LeaderEpoch:1,ControllerEpoch:2),test-0 -> (Leader:-1,ISR:0,LeaderEpoch:1,ControllerEpoch:2),__consumer_offsets-12 -> (Leader:-1,ISR:0,LeaderEpoch:1,ControllerEpoch:2),__consumer_offsets-1 -> (Leader:-1,ISR:0,LeaderEpoch:1,ControllerEpoch:2),__consumer_offsets-28 -> (Leader:-1,ISR:0,LeaderEpoch:1,ControllerEpoch:2),__consumer_offsets-17 -> (Leader:-1,ISR:0,LeaderEpoch:1,ControllerEpoch:2),__consumer_offsets-6 -> (Leader:-1,ISR:0,LeaderEpoch:1,ControllerEpoch:2),__consumer_offsets-39 -> (Leader:-1,ISR:0,LeaderEpoch:1,ControllerEpoch:2),__consumer_offsets-44 -> (Leader:-1,ISR:0,LeaderEpoch:1,ControllerEpoch:2),__consumer_offsets-36 -> (Leader:-1,ISR:0,LeaderEpoch:1,ControllerEpoch:2),__consumer_offsets-47 -> (Leader:-1,ISR:0,LeaderEpoch:1,ControllerEpoch:2),__consumer_offsets-3 -> (Leader:-1,ISR:0,LeaderEpoch:1,ControllerEpoch:2),__consumer_offsets-25 -> (Leader:-1,ISR:0,LeaderEpoch:1,ControllerEpoch:2),__consumer_offsets-14 -> (Leader:-1,ISR:0,LeaderEpoch:1,ControllerEpoch:2),__consumer_offsets-30 -> (Leader:-1,ISR:0,LeaderEpoch:1,ControllerEpoch:2),__consumer_offsets-41 -> (Leader:-1,ISR:0,LeaderEpoch:1,ControllerEpoch:2),__consumer_offsets-33 -> (Leader:-1,ISR:0,LeaderEpoch:1,ControllerEpoch:2),__consumer_offsets-22 -> (Leader:-1,ISR:0,LeaderEpoch:1,ControllerEpoch:2),__consumer_offsets-11 -> (Leader:-1,ISR:0,LeaderEpoch:1,ControllerEpoch:2),__consumer_offsets-0 -> (Leader:-1,ISR:0,LeaderEpoch:1,ControllerEpoch:2) (kafka.controller.KafkaController)
[2020-03-24 11:56:50,236] INFO [Controller id=2] Shutting down broker 2 (kafka.controller.KafkaController)
[2020-03-24 11:56:50,237] DEBUG [Controller id=2] All shutting down brokers: 2 (kafka.controller.KafkaController)
[2020-03-24 11:56:50,237] DEBUG [Controller id=2] Live brokers:  (kafka.controller.KafkaController)
[2020-03-24 11:56:50,240] TRACE [Controller id=2] All leaders = __consumer_offsets-49 -> (Leader:-1,ISR:0,LeaderEpoch:1,ControllerEpoch:2),__consumer_offsets-38 -> (Leader:-1,ISR:0,LeaderEpoch:1,ControllerEpoch:2),__consumer_offsets-16 -> (Leader:-1,ISR:0,LeaderEpoch:1,ControllerEpoch:2),__consumer_offsets-27 -> (Leader:-1,ISR:0,LeaderEpoch:1,ControllerEpoch:2),__consumer_offsets-8 -> (Leader:-1,ISR:0,LeaderEpoch:1,ControllerEpoch:2),__consumer_offsets-19 -> (Leader:-1,ISR:0,LeaderEpoch:1,ControllerEpoch:2),__consumer_offsets-13 -> (Leader:-1,ISR:0,LeaderEpoch:1,ControllerEpoch:2),__consumer_offsets-2 -> (Leader:-1,ISR:0,LeaderEpoch:1,ControllerEpoch:2),__consumer_offsets-46 -> (Leader:-1,ISR:0,LeaderEpoch:1,ControllerEpoch:2),__consumer_offsets-35 -> (Leader:-1,ISR:0,LeaderEpoch:1,ControllerEpoch:2),__consumer_offsets-24 -> (Leader:-1,ISR:0,LeaderEpoch:1,ControllerEpoch:2),__consumer_offsets-5 -> (Leader:-1,ISR:0,LeaderEpoch:1,ControllerEpoch:2),__consumer_offsets-43 -> (Leader:-1,ISR:0,LeaderEpoch:1,ControllerEpoch:2),__consumer_offsets-32 -> (Leader:-1,ISR:0,LeaderEpoch:1,ControllerEpoch:2),__consumer_offsets-21 -> (Leader:-1,ISR:0,LeaderEpoch:1,ControllerEpoch:2),__consumer_offsets-10 -> (Leader:-1,ISR:0,LeaderEpoch:1,ControllerEpoch:2),__consumer_offsets-37 -> (Leader:-1,ISR:0,LeaderEpoch:1,ControllerEpoch:2),my-replicated-topic-0 -> (Leader:2,ISR:2,LeaderEpoch:2,ControllerEpoch:2),__consumer_offsets-48 -> (Leader:-1,ISR:0,LeaderEpoch:1,ControllerEpoch:2),__consumer_offsets-40 -> (Leader:-1,ISR:0,LeaderEpoch:1,ControllerEpoch:2),__consumer_offsets-18 -> (Leader:-1,ISR:0,LeaderEpoch:1,ControllerEpoch:2),__consumer_offsets-29 -> (Leader:-1,ISR:0,LeaderEpoch:1,ControllerEpoch:2),__consumer_offsets-7 -> (Leader:-1,ISR:0,LeaderEpoch:1,ControllerEpoch:2),__consumer_offsets-23 -> (Leader:-1,ISR:0,LeaderEpoch:1,ControllerEpoch:2),__consumer_offsets-45 -> (Leader:-1,ISR:0,LeaderEpoch:1,ControllerEpoch:2),__consumer_offsets-34 -> (Leader:-1,ISR:0,LeaderEpoch:1,ControllerEpoch:2),__consumer_offsets-26 -> (Leader:-1,ISR:0,LeaderEpoch:1,ControllerEpoch:2),__consumer_offsets-4 -> (Leader:-1,ISR:0,LeaderEpoch:1,ControllerEpoch:2),__consumer_offsets-15 -> (Leader:-1,ISR:0,LeaderEpoch:1,ControllerEpoch:2),__consumer_offsets-42 -> (Leader:-1,ISR:0,LeaderEpoch:1,ControllerEpoch:2),__consumer_offsets-31 -> (Leader:-1,ISR:0,LeaderEpoch:1,ControllerEpoch:2),__consumer_offsets-9 -> (Leader:-1,ISR:0,LeaderEpoch:1,ControllerEpoch:2),__consumer_offsets-20 -> (Leader:-1,ISR:0,LeaderEpoch:1,ControllerEpoch:2),test-0 -> (Leader:-1,ISR:0,LeaderEpoch:1,ControllerEpoch:2),__consumer_offsets-12 -> (Leader:-1,ISR:0,LeaderEpoch:1,ControllerEpoch:2),__consumer_offsets-1 -> (Leader:-1,ISR:0,LeaderEpoch:1,ControllerEpoch:2),__consumer_offsets-28 -> (Leader:-1,ISR:0,LeaderEpoch:1,ControllerEpoch:2),__consumer_offsets-17 -> (Leader:-1,ISR:0,LeaderEpoch:1,ControllerEpoch:2),__consumer_offsets-6 -> (Leader:-1,ISR:0,LeaderEpoch:1,ControllerEpoch:2),__consumer_offsets-39 -> (Leader:-1,ISR:0,LeaderEpoch:1,ControllerEpoch:2),__consumer_offsets-44 -> (Leader:-1,ISR:0,LeaderEpoch:1,ControllerEpoch:2),__consumer_offsets-36 -> (Leader:-1,ISR:0,LeaderEpoch:1,ControllerEpoch:2),__consumer_offsets-47 -> (Leader:-1,ISR:0,LeaderEpoch:1,ControllerEpoch:2),__consumer_offsets-3 -> (Leader:-1,ISR:0,LeaderEpoch:1,ControllerEpoch:2),__consumer_offsets-25 -> (Leader:-1,ISR:0,LeaderEpoch:1,ControllerEpoch:2),__consumer_offsets-14 -> (Leader:-1,ISR:0,LeaderEpoch:1,ControllerEpoch:2),__consumer_offsets-30 -> (Leader:-1,ISR:0,LeaderEpoch:1,ControllerEpoch:2),__consumer_offsets-41 -> (Leader:-1,ISR:0,LeaderEpoch:1,ControllerEpoch:2),__consumer_offsets-33 -> (Leader:-1,ISR:0,LeaderEpoch:1,ControllerEpoch:2),__consumer_offsets-22 -> (Leader:-1,ISR:0,LeaderEpoch:1,ControllerEpoch:2),__consumer_offsets-11 -> (Leader:-1,ISR:0,LeaderEpoch:1,ControllerEpoch:2),__consumer_offsets-0 -> (Leader:-1,ISR:0,LeaderEpoch:1,ControllerEpoch:2) (kafka.controller.KafkaController)
[2020-03-24 11:56:56,324] INFO [ControllerEventThread controllerId=2] Shutting down (kafka.controller.ControllerEventManager$ControllerEventThread)
[2020-03-24 11:56:56,325] INFO [ControllerEventThread controllerId=2] Shutdown completed (kafka.controller.ControllerEventManager$ControllerEventThread)
[2020-03-24 11:56:56,325] INFO [ControllerEventThread controllerId=2] Stopped (kafka.controller.ControllerEventManager$ControllerEventThread)
[2020-03-24 11:56:56,325] DEBUG [Controller id=2] Resigning (kafka.controller.KafkaController)
[2020-03-24 11:56:56,326] DEBUG [Controller id=2] Unregister BrokerModifications handler for Set(2) (kafka.controller.KafkaController)
[2020-03-24 11:56:56,327] INFO [PartitionStateMachine controllerId=2] Stopped partition state machine (kafka.controller.ZkPartitionStateMachine)
[2020-03-24 11:56:56,328] INFO [ReplicaStateMachine controllerId=2] Stopped replica state machine (kafka.controller.ZkReplicaStateMachine)
[2020-03-24 11:56:56,330] INFO [RequestSendThread controllerId=2] Shutting down (kafka.controller.RequestSendThread)
[2020-03-24 11:56:56,330] INFO [RequestSendThread controllerId=2] Stopped (kafka.controller.RequestSendThread)
[2020-03-24 11:56:56,330] INFO [RequestSendThread controllerId=2] Shutdown completed (kafka.controller.RequestSendThread)
[2020-03-24 11:56:56,333] INFO [Controller id=2] Resigned (kafka.controller.KafkaController)
