[2020-03-24 11:33:08,896] INFO Starting the log cleaner (kafka.log.LogCleaner)
[2020-03-24 11:33:08,966] INFO [kafka-log-cleaner-thread-0]: Starting (kafka.log.LogCleaner)
[2020-03-24 11:40:20,779] INFO Starting the log cleaner (kafka.log.LogCleaner)
[2020-03-24 11:40:20,840] INFO [kafka-log-cleaner-thread-0]: Starting (kafka.log.LogCleaner)
[2020-03-24 11:40:21,403] INFO Shutting down the log cleaner. (kafka.log.LogCleaner)
[2020-03-24 11:40:21,404] INFO [kafka-log-cleaner-thread-0]: Shutting down (kafka.log.LogCleaner)
[2020-03-24 11:40:21,405] INFO [kafka-log-cleaner-thread-0]: Stopped (kafka.log.LogCleaner)
[2020-03-24 11:40:21,405] INFO [kafka-log-cleaner-thread-0]: Shutdown completed (kafka.log.LogCleaner)
[2020-03-24 11:40:28,118] INFO Starting the log cleaner (kafka.log.LogCleaner)
[2020-03-24 11:40:28,173] INFO [kafka-log-cleaner-thread-0]: Starting (kafka.log.LogCleaner)
[2020-03-24 11:40:28,484] INFO Shutting down the log cleaner. (kafka.log.LogCleaner)
[2020-03-24 11:40:28,485] INFO [kafka-log-cleaner-thread-0]: Shutting down (kafka.log.LogCleaner)
[2020-03-24 11:40:28,486] INFO [kafka-log-cleaner-thread-0]: Shutdown completed (kafka.log.LogCleaner)
[2020-03-24 11:40:28,486] INFO [kafka-log-cleaner-thread-0]: Stopped (kafka.log.LogCleaner)
[2020-03-24 11:42:17,627] INFO Starting the log cleaner (kafka.log.LogCleaner)
[2020-03-24 11:42:17,684] INFO [kafka-log-cleaner-thread-0]: Starting (kafka.log.LogCleaner)
[2020-03-24 11:42:23,230] INFO Starting the log cleaner (kafka.log.LogCleaner)
[2020-03-24 11:42:23,292] INFO [kafka-log-cleaner-thread-0]: Starting (kafka.log.LogCleaner)
[2020-03-24 11:47:50,985] INFO Shutting down the log cleaner. (kafka.log.LogCleaner)
[2020-03-24 11:47:50,985] INFO [kafka-log-cleaner-thread-0]: Shutting down (kafka.log.LogCleaner)
[2020-03-24 11:47:50,986] INFO [kafka-log-cleaner-thread-0]: Stopped (kafka.log.LogCleaner)
[2020-03-24 11:47:50,986] INFO [kafka-log-cleaner-thread-0]: Shutdown completed (kafka.log.LogCleaner)
[2020-03-24 11:56:27,864] INFO Shutting down the log cleaner. (kafka.log.LogCleaner)
[2020-03-24 11:56:27,864] INFO [kafka-log-cleaner-thread-0]: Shutting down (kafka.log.LogCleaner)
[2020-03-24 11:56:27,865] INFO [kafka-log-cleaner-thread-0]: Stopped (kafka.log.LogCleaner)
[2020-03-24 11:56:27,865] INFO [kafka-log-cleaner-thread-0]: Shutdown completed (kafka.log.LogCleaner)
[2020-03-24 11:56:56,298] INFO Shutting down the log cleaner. (kafka.log.LogCleaner)
[2020-03-24 11:56:56,298] INFO [kafka-log-cleaner-thread-0]: Shutting down (kafka.log.LogCleaner)
[2020-03-24 11:56:56,298] INFO [kafka-log-cleaner-thread-0]: Stopped (kafka.log.LogCleaner)
[2020-03-24 11:56:56,299] INFO [kafka-log-cleaner-thread-0]: Shutdown completed (kafka.log.LogCleaner)
