<<<<<<< HEAD
[2020-04-04 19:03:35,642] INFO Starting the log cleaner (kafka.log.LogCleaner)
[2020-04-04 19:03:35,971] INFO [kafka-log-cleaner-thread-0]: Starting (kafka.log.LogCleaner)
[2020-04-04 19:19:16,420] INFO Starting the log cleaner (kafka.log.LogCleaner)
[2020-04-04 19:19:16,420] INFO Starting the log cleaner (kafka.log.LogCleaner)
[2020-04-04 19:19:16,423] INFO Starting the log cleaner (kafka.log.LogCleaner)
[2020-04-04 19:19:16,482] INFO [kafka-log-cleaner-thread-0]: Starting (kafka.log.LogCleaner)
[2020-04-04 19:19:16,502] INFO [kafka-log-cleaner-thread-0]: Starting (kafka.log.LogCleaner)
[2020-04-04 19:19:16,506] INFO [kafka-log-cleaner-thread-0]: Starting (kafka.log.LogCleaner)
[2020-04-04 19:26:21,527] INFO Starting the log cleaner (kafka.log.LogCleaner)
[2020-04-04 19:26:21,537] INFO Starting the log cleaner (kafka.log.LogCleaner)
[2020-04-04 19:26:21,540] INFO Starting the log cleaner (kafka.log.LogCleaner)
[2020-04-04 19:26:21,590] INFO [kafka-log-cleaner-thread-0]: Starting (kafka.log.LogCleaner)
[2020-04-04 19:26:21,612] INFO [kafka-log-cleaner-thread-0]: Starting (kafka.log.LogCleaner)
[2020-04-04 19:26:21,614] INFO [kafka-log-cleaner-thread-0]: Starting (kafka.log.LogCleaner)
[2020-04-04 19:27:44,447] INFO Starting the log cleaner (kafka.log.LogCleaner)
[2020-04-04 19:27:44,518] INFO [kafka-log-cleaner-thread-0]: Starting (kafka.log.LogCleaner)
[2020-04-04 19:27:44,537] INFO Starting the log cleaner (kafka.log.LogCleaner)
[2020-04-04 19:27:44,537] INFO Starting the log cleaner (kafka.log.LogCleaner)
[2020-04-04 19:27:44,597] INFO [kafka-log-cleaner-thread-0]: Starting (kafka.log.LogCleaner)
[2020-04-04 19:27:44,597] INFO [kafka-log-cleaner-thread-0]: Starting (kafka.log.LogCleaner)
[2020-04-04 19:29:24,891] INFO Starting the log cleaner (kafka.log.LogCleaner)
[2020-04-04 19:29:24,920] INFO Starting the log cleaner (kafka.log.LogCleaner)
[2020-04-04 19:29:24,929] INFO Starting the log cleaner (kafka.log.LogCleaner)
[2020-04-04 19:29:24,970] INFO [kafka-log-cleaner-thread-0]: Starting (kafka.log.LogCleaner)
[2020-04-04 19:29:24,986] INFO [kafka-log-cleaner-thread-0]: Starting (kafka.log.LogCleaner)
[2020-04-04 19:29:25,009] INFO [kafka-log-cleaner-thread-0]: Starting (kafka.log.LogCleaner)
[2020-04-04 19:32:31,259] INFO Starting the log cleaner (kafka.log.LogCleaner)
[2020-04-04 19:32:31,270] INFO Starting the log cleaner (kafka.log.LogCleaner)
[2020-04-04 19:32:31,291] INFO Starting the log cleaner (kafka.log.LogCleaner)
[2020-04-04 19:32:31,330] INFO [kafka-log-cleaner-thread-0]: Starting (kafka.log.LogCleaner)
[2020-04-04 19:32:31,334] INFO [kafka-log-cleaner-thread-0]: Starting (kafka.log.LogCleaner)
[2020-04-04 19:32:31,366] INFO [kafka-log-cleaner-thread-0]: Starting (kafka.log.LogCleaner)
[2020-04-04 19:47:58,386] INFO Starting the log cleaner (kafka.log.LogCleaner)
[2020-04-04 19:47:58,436] INFO Starting the log cleaner (kafka.log.LogCleaner)
[2020-04-04 19:47:58,445] INFO Starting the log cleaner (kafka.log.LogCleaner)
[2020-04-04 19:47:58,450] INFO [kafka-log-cleaner-thread-0]: Starting (kafka.log.LogCleaner)
[2020-04-04 19:47:58,515] INFO [kafka-log-cleaner-thread-0]: Starting (kafka.log.LogCleaner)
[2020-04-04 19:47:58,527] INFO [kafka-log-cleaner-thread-0]: Starting (kafka.log.LogCleaner)
=======
[2020-04-04 19:08:07,506] INFO Starting the log cleaner (kafka.log.LogCleaner)
[2020-04-04 19:08:07,701] INFO [kafka-log-cleaner-thread-0]: Starting (kafka.log.LogCleaner)
[2020-04-04 19:14:37,803] INFO Starting the log cleaner (kafka.log.LogCleaner)
[2020-04-04 19:14:37,841] INFO Starting the log cleaner (kafka.log.LogCleaner)
[2020-04-04 19:14:37,847] INFO Starting the log cleaner (kafka.log.LogCleaner)
[2020-04-04 19:14:37,885] INFO [kafka-log-cleaner-thread-0]: Starting (kafka.log.LogCleaner)
[2020-04-04 19:14:37,910] INFO [kafka-log-cleaner-thread-0]: Starting (kafka.log.LogCleaner)
[2020-04-04 19:14:37,920] INFO [kafka-log-cleaner-thread-0]: Starting (kafka.log.LogCleaner)
[2020-04-04 19:17:17,001] INFO Starting the log cleaner (kafka.log.LogCleaner)
[2020-04-04 19:17:17,037] INFO Starting the log cleaner (kafka.log.LogCleaner)
[2020-04-04 19:17:17,043] INFO Starting the log cleaner (kafka.log.LogCleaner)
[2020-04-04 19:17:17,073] INFO [kafka-log-cleaner-thread-0]: Starting (kafka.log.LogCleaner)
[2020-04-04 19:17:17,101] INFO [kafka-log-cleaner-thread-0]: Starting (kafka.log.LogCleaner)
[2020-04-04 19:17:17,104] INFO [kafka-log-cleaner-thread-0]: Starting (kafka.log.LogCleaner)
[2020-04-04 19:17:54,149] INFO Starting the log cleaner (kafka.log.LogCleaner)
[2020-04-04 19:17:54,271] INFO Starting the log cleaner (kafka.log.LogCleaner)
[2020-04-04 19:17:54,285] INFO Starting the log cleaner (kafka.log.LogCleaner)
[2020-04-04 19:17:54,370] INFO [kafka-log-cleaner-thread-0]: Starting (kafka.log.LogCleaner)
[2020-04-04 19:17:54,470] INFO [kafka-log-cleaner-thread-0]: Starting (kafka.log.LogCleaner)
[2020-04-04 19:17:54,480] INFO [kafka-log-cleaner-thread-0]: Starting (kafka.log.LogCleaner)
[2020-04-04 19:20:12,451] INFO Starting the log cleaner (kafka.log.LogCleaner)
[2020-04-04 19:20:12,481] INFO Starting the log cleaner (kafka.log.LogCleaner)
[2020-04-04 19:20:12,505] INFO Starting the log cleaner (kafka.log.LogCleaner)
[2020-04-04 19:20:12,527] INFO [kafka-log-cleaner-thread-0]: Starting (kafka.log.LogCleaner)
[2020-04-04 19:20:12,550] INFO [kafka-log-cleaner-thread-0]: Starting (kafka.log.LogCleaner)
[2020-04-04 19:20:12,569] INFO [kafka-log-cleaner-thread-0]: Starting (kafka.log.LogCleaner)
[2020-04-04 19:27:52,319] INFO Starting the log cleaner (kafka.log.LogCleaner)
[2020-04-04 19:27:52,371] INFO Starting the log cleaner (kafka.log.LogCleaner)
[2020-04-04 19:27:52,390] INFO Starting the log cleaner (kafka.log.LogCleaner)
[2020-04-04 19:27:52,397] INFO [kafka-log-cleaner-thread-0]: Starting (kafka.log.LogCleaner)
[2020-04-04 19:27:52,443] INFO [kafka-log-cleaner-thread-0]: Starting (kafka.log.LogCleaner)
[2020-04-04 19:27:52,454] INFO [kafka-log-cleaner-thread-0]: Starting (kafka.log.LogCleaner)
[2020-04-04 19:29:58,776] INFO Starting the log cleaner (kafka.log.LogCleaner)
[2020-04-04 19:29:58,861] INFO [kafka-log-cleaner-thread-0]: Starting (kafka.log.LogCleaner)
[2020-04-04 19:29:58,914] INFO Starting the log cleaner (kafka.log.LogCleaner)
[2020-04-04 19:29:58,944] INFO Starting the log cleaner (kafka.log.LogCleaner)
[2020-04-04 19:29:58,984] INFO [kafka-log-cleaner-thread-0]: Starting (kafka.log.LogCleaner)
[2020-04-04 19:29:59,010] INFO [kafka-log-cleaner-thread-0]: Starting (kafka.log.LogCleaner)
[2020-04-04 19:32:43,928] INFO Starting the log cleaner (kafka.log.LogCleaner)
[2020-04-04 19:32:43,943] INFO Starting the log cleaner (kafka.log.LogCleaner)
[2020-04-04 19:32:43,984] INFO Starting the log cleaner (kafka.log.LogCleaner)
[2020-04-04 19:32:44,022] INFO [kafka-log-cleaner-thread-0]: Starting (kafka.log.LogCleaner)
[2020-04-04 19:32:44,046] INFO [kafka-log-cleaner-thread-0]: Starting (kafka.log.LogCleaner)
[2020-04-04 19:32:44,093] INFO [kafka-log-cleaner-thread-0]: Starting (kafka.log.LogCleaner)
[2020-04-04 19:34:59,444] INFO Starting the log cleaner (kafka.log.LogCleaner)
[2020-04-04 19:34:59,512] INFO Starting the log cleaner (kafka.log.LogCleaner)
[2020-04-04 19:34:59,517] INFO Starting the log cleaner (kafka.log.LogCleaner)
[2020-04-04 19:34:59,567] INFO [kafka-log-cleaner-thread-0]: Starting (kafka.log.LogCleaner)
[2020-04-04 19:34:59,626] INFO [kafka-log-cleaner-thread-0]: Starting (kafka.log.LogCleaner)
[2020-04-04 19:34:59,635] INFO [kafka-log-cleaner-thread-0]: Starting (kafka.log.LogCleaner)
[2020-04-04 19:36:11,742] INFO Starting the log cleaner (kafka.log.LogCleaner)
[2020-04-04 19:36:11,789] INFO Starting the log cleaner (kafka.log.LogCleaner)
[2020-04-04 19:36:11,816] INFO [kafka-log-cleaner-thread-0]: Starting (kafka.log.LogCleaner)
[2020-04-04 19:36:11,817] INFO Starting the log cleaner (kafka.log.LogCleaner)
[2020-04-04 19:36:11,861] INFO [kafka-log-cleaner-thread-0]: Starting (kafka.log.LogCleaner)
[2020-04-04 19:36:11,882] INFO [kafka-log-cleaner-thread-0]: Starting (kafka.log.LogCleaner)
[2020-04-04 19:37:03,741] INFO Starting the log cleaner (kafka.log.LogCleaner)
[2020-04-04 19:37:03,819] INFO [kafka-log-cleaner-thread-0]: Starting (kafka.log.LogCleaner)
[2020-04-04 19:37:03,876] INFO Starting the log cleaner (kafka.log.LogCleaner)
[2020-04-04 19:37:03,894] INFO Starting the log cleaner (kafka.log.LogCleaner)
[2020-04-04 19:37:03,957] INFO [kafka-log-cleaner-thread-0]: Starting (kafka.log.LogCleaner)
[2020-04-04 19:37:03,968] INFO [kafka-log-cleaner-thread-0]: Starting (kafka.log.LogCleaner)
[2020-04-04 19:38:00,550] INFO Starting the log cleaner (kafka.log.LogCleaner)
[2020-04-04 19:38:00,583] INFO Starting the log cleaner (kafka.log.LogCleaner)
[2020-04-04 19:38:00,624] INFO [kafka-log-cleaner-thread-0]: Starting (kafka.log.LogCleaner)
[2020-04-04 19:38:00,640] INFO Starting the log cleaner (kafka.log.LogCleaner)
[2020-04-04 19:38:00,654] INFO [kafka-log-cleaner-thread-0]: Starting (kafka.log.LogCleaner)
[2020-04-04 19:38:00,702] INFO [kafka-log-cleaner-thread-0]: Starting (kafka.log.LogCleaner)
[2020-04-04 19:39:04,441] INFO Starting the log cleaner (kafka.log.LogCleaner)
[2020-04-04 19:39:04,505] INFO Starting the log cleaner (kafka.log.LogCleaner)
[2020-04-04 19:39:04,518] INFO [kafka-log-cleaner-thread-0]: Starting (kafka.log.LogCleaner)
[2020-04-04 19:39:04,530] INFO Starting the log cleaner (kafka.log.LogCleaner)
[2020-04-04 19:39:04,573] INFO [kafka-log-cleaner-thread-0]: Starting (kafka.log.LogCleaner)
[2020-04-04 19:39:04,591] INFO [kafka-log-cleaner-thread-0]: Starting (kafka.log.LogCleaner)
[2020-04-04 19:42:16,408] INFO Starting the log cleaner (kafka.log.LogCleaner)
[2020-04-04 19:42:16,486] INFO [kafka-log-cleaner-thread-0]: Starting (kafka.log.LogCleaner)
[2020-04-04 19:42:16,500] INFO Starting the log cleaner (kafka.log.LogCleaner)
[2020-04-04 19:42:16,501] INFO Starting the log cleaner (kafka.log.LogCleaner)
[2020-04-04 19:42:16,562] INFO [kafka-log-cleaner-thread-0]: Starting (kafka.log.LogCleaner)
[2020-04-04 19:42:16,567] INFO [kafka-log-cleaner-thread-0]: Starting (kafka.log.LogCleaner)
[2020-04-04 19:43:25,975] INFO Starting the log cleaner (kafka.log.LogCleaner)
[2020-04-04 19:43:26,052] INFO Starting the log cleaner (kafka.log.LogCleaner)
[2020-04-04 19:43:26,055] INFO [kafka-log-cleaner-thread-0]: Starting (kafka.log.LogCleaner)
[2020-04-04 19:43:26,130] INFO [kafka-log-cleaner-thread-0]: Starting (kafka.log.LogCleaner)
[2020-04-04 19:43:26,136] INFO Starting the log cleaner (kafka.log.LogCleaner)
[2020-04-04 19:43:26,207] INFO [kafka-log-cleaner-thread-0]: Starting (kafka.log.LogCleaner)
[2020-04-04 19:46:42,024] INFO Starting the log cleaner (kafka.log.LogCleaner)
[2020-04-04 19:46:42,103] INFO [kafka-log-cleaner-thread-0]: Starting (kafka.log.LogCleaner)
[2020-04-04 19:46:42,181] INFO Starting the log cleaner (kafka.log.LogCleaner)
[2020-04-04 19:46:42,182] INFO Starting the log cleaner (kafka.log.LogCleaner)
[2020-04-04 19:46:42,240] INFO [kafka-log-cleaner-thread-0]: Starting (kafka.log.LogCleaner)
[2020-04-04 19:46:42,241] INFO [kafka-log-cleaner-thread-0]: Starting (kafka.log.LogCleaner)
[2020-04-04 19:50:29,566] INFO Starting the log cleaner (kafka.log.LogCleaner)
[2020-04-04 19:50:29,607] INFO Starting the log cleaner (kafka.log.LogCleaner)
[2020-04-04 19:50:29,643] INFO [kafka-log-cleaner-thread-0]: Starting (kafka.log.LogCleaner)
[2020-04-04 19:50:29,678] INFO [kafka-log-cleaner-thread-0]: Starting (kafka.log.LogCleaner)
[2020-04-04 19:50:29,693] INFO Starting the log cleaner (kafka.log.LogCleaner)
[2020-04-04 19:50:29,753] INFO [kafka-log-cleaner-thread-0]: Starting (kafka.log.LogCleaner)
[2020-04-04 19:52:34,680] INFO Starting the log cleaner (kafka.log.LogCleaner)
[2020-04-04 19:52:34,730] INFO Starting the log cleaner (kafka.log.LogCleaner)
[2020-04-04 19:52:34,740] INFO Starting the log cleaner (kafka.log.LogCleaner)
[2020-04-04 19:52:34,754] INFO [kafka-log-cleaner-thread-0]: Starting (kafka.log.LogCleaner)
[2020-04-04 19:52:34,795] INFO [kafka-log-cleaner-thread-0]: Starting (kafka.log.LogCleaner)
[2020-04-04 19:52:34,804] INFO [kafka-log-cleaner-thread-0]: Starting (kafka.log.LogCleaner)
[2020-04-04 19:53:24,419] INFO Starting the log cleaner (kafka.log.LogCleaner)
[2020-04-04 19:53:24,446] INFO Starting the log cleaner (kafka.log.LogCleaner)
[2020-04-04 19:53:24,452] INFO Starting the log cleaner (kafka.log.LogCleaner)
[2020-04-04 19:53:24,493] INFO [kafka-log-cleaner-thread-0]: Starting (kafka.log.LogCleaner)
[2020-04-04 19:53:24,509] INFO [kafka-log-cleaner-thread-0]: Starting (kafka.log.LogCleaner)
[2020-04-04 19:53:24,517] INFO [kafka-log-cleaner-thread-0]: Starting (kafka.log.LogCleaner)
[2020-04-04 19:53:57,157] INFO Starting the log cleaner (kafka.log.LogCleaner)
[2020-04-04 19:53:57,276] INFO Starting the log cleaner (kafka.log.LogCleaner)
[2020-04-04 19:53:57,293] INFO Starting the log cleaner (kafka.log.LogCleaner)
[2020-04-04 19:53:57,339] INFO [kafka-log-cleaner-thread-0]: Starting (kafka.log.LogCleaner)
[2020-04-04 19:53:57,438] INFO [kafka-log-cleaner-thread-0]: Starting (kafka.log.LogCleaner)
[2020-04-04 19:53:57,447] INFO [kafka-log-cleaner-thread-0]: Starting (kafka.log.LogCleaner)
[2020-04-04 19:54:47,657] INFO Starting the log cleaner (kafka.log.LogCleaner)
[2020-04-04 19:54:47,695] INFO Starting the log cleaner (kafka.log.LogCleaner)
[2020-04-04 19:54:47,795] INFO Starting the log cleaner (kafka.log.LogCleaner)
[2020-04-04 19:54:47,847] INFO [kafka-log-cleaner-thread-0]: Starting (kafka.log.LogCleaner)
[2020-04-04 19:54:47,888] INFO [kafka-log-cleaner-thread-0]: Starting (kafka.log.LogCleaner)
[2020-04-04 19:54:47,970] INFO [kafka-log-cleaner-thread-0]: Starting (kafka.log.LogCleaner)
>>>>>>> 656001b6cbebb4633e2c938e791b0a95fe84fa62
[2020-04-04 20:09:26,449] INFO Starting the log cleaner (kafka.log.LogCleaner)
[2020-04-04 20:09:26,473] INFO Starting the log cleaner (kafka.log.LogCleaner)
[2020-04-04 20:09:26,511] INFO Starting the log cleaner (kafka.log.LogCleaner)
[2020-04-04 20:09:26,522] INFO [kafka-log-cleaner-thread-0]: Starting (kafka.log.LogCleaner)
[2020-04-04 20:09:26,544] INFO [kafka-log-cleaner-thread-0]: Starting (kafka.log.LogCleaner)
[2020-04-04 20:09:26,569] INFO [kafka-log-cleaner-thread-0]: Starting (kafka.log.LogCleaner)
[2020-04-04 20:11:51,025] INFO Starting the log cleaner (kafka.log.LogCleaner)
[2020-04-04 20:11:51,050] INFO Starting the log cleaner (kafka.log.LogCleaner)
[2020-04-04 20:11:51,060] INFO Starting the log cleaner (kafka.log.LogCleaner)
[2020-04-04 20:11:51,103] INFO [kafka-log-cleaner-thread-0]: Starting (kafka.log.LogCleaner)
[2020-04-04 20:11:51,144] INFO [kafka-log-cleaner-thread-0]: Starting (kafka.log.LogCleaner)
[2020-04-04 20:11:51,159] INFO [kafka-log-cleaner-thread-0]: Starting (kafka.log.LogCleaner)
[2020-04-04 20:14:11,237] INFO Starting the log cleaner (kafka.log.LogCleaner)
[2020-04-04 20:14:11,266] INFO Starting the log cleaner (kafka.log.LogCleaner)
[2020-04-04 20:14:11,282] INFO Starting the log cleaner (kafka.log.LogCleaner)
[2020-04-04 20:14:11,309] INFO [kafka-log-cleaner-thread-0]: Starting (kafka.log.LogCleaner)
[2020-04-04 20:14:11,330] INFO [kafka-log-cleaner-thread-0]: Starting (kafka.log.LogCleaner)
[2020-04-04 20:14:11,344] INFO [kafka-log-cleaner-thread-0]: Starting (kafka.log.LogCleaner)
[2020-04-04 20:19:52,776] INFO Starting the log cleaner (kafka.log.LogCleaner)
[2020-04-04 20:19:52,857] INFO [kafka-log-cleaner-thread-0]: Starting (kafka.log.LogCleaner)
[2020-04-04 20:19:52,880] INFO Starting the log cleaner (kafka.log.LogCleaner)
[2020-04-04 20:19:52,888] INFO Starting the log cleaner (kafka.log.LogCleaner)
[2020-04-04 20:19:52,947] INFO [kafka-log-cleaner-thread-0]: Starting (kafka.log.LogCleaner)
[2020-04-04 20:19:52,956] INFO [kafka-log-cleaner-thread-0]: Starting (kafka.log.LogCleaner)
