[2020-04-16 11:51:11,905] TRACE [Broker id=0] Received LeaderAndIsr request LeaderAndIsrPartitionState(topicName='BatchTopic', partitionIndex=2, controllerEpoch=1, leader=0, leaderEpoch=0, isr=[0, 2, 1], zkVersion=0, replicas=[0, 2, 1], addingReplicas=[], removingReplicas=[], isNew=true) correlation id 1 from controller 1 epoch 1 (state.change.logger)
[2020-04-16 11:51:11,906] TRACE [Broker id=0] Received LeaderAndIsr request LeaderAndIsrPartitionState(topicName='BatchTopic', partitionIndex=1, controllerEpoch=1, leader=1, leaderEpoch=0, isr=[1, 0, 2], zkVersion=0, replicas=[1, 0, 2], addingReplicas=[], removingReplicas=[], isNew=true) correlation id 1 from controller 1 epoch 1 (state.change.logger)
[2020-04-16 11:51:11,906] TRACE [Broker id=0] Received LeaderAndIsr request LeaderAndIsrPartitionState(topicName='BatchTopic', partitionIndex=0, controllerEpoch=1, leader=2, leaderEpoch=0, isr=[2, 1, 0], zkVersion=0, replicas=[2, 1, 0], addingReplicas=[], removingReplicas=[], isNew=true) correlation id 1 from controller 1 epoch 1 (state.change.logger)
[2020-04-16 11:51:12,094] TRACE [Broker id=0] Handling LeaderAndIsr request correlationId 1 from controller 1 epoch 1 starting the become-leader transition for partition BatchTopic-2 (state.change.logger)
[2020-04-16 11:51:13,050] TRACE [Broker id=0] Stopped fetchers as part of become-leader request from controller 1 epoch 1 with correlation id 1 for partition BatchTopic-2 (last update controller epoch 1) (state.change.logger)
[2020-04-16 11:51:13,054] TRACE [Broker id=0] Completed LeaderAndIsr request correlationId 1 from controller 1 epoch 1 for the become-leader transition for partition BatchTopic-2 (state.change.logger)
[2020-04-16 11:51:13,058] TRACE [Broker id=0] Handling LeaderAndIsr request correlationId 1 from controller 1 epoch 1 starting the become-follower transition for partition BatchTopic-1 with leader 1 (state.change.logger)
[2020-04-16 11:51:13,058] TRACE [Broker id=0] Handling LeaderAndIsr request correlationId 1 from controller 1 epoch 1 starting the become-follower transition for partition BatchTopic-0 with leader 2 (state.change.logger)
[2020-04-16 11:51:13,194] TRACE [Broker id=0] Stopped fetchers as part of become-follower request from controller 1 epoch 1 with correlation id 1 for partition BatchTopic-0 with leader 2 (state.change.logger)
[2020-04-16 11:51:13,195] TRACE [Broker id=0] Stopped fetchers as part of become-follower request from controller 1 epoch 1 with correlation id 1 for partition BatchTopic-1 with leader 1 (state.change.logger)
[2020-04-16 11:51:13,204] TRACE [Broker id=0] Truncated logs and checkpointed recovery boundaries for partition BatchTopic-0 as part of become-follower request with correlation id 1 from controller 1 epoch 1 with leader 2 (state.change.logger)
[2020-04-16 11:51:13,204] TRACE [Broker id=0] Truncated logs and checkpointed recovery boundaries for partition BatchTopic-1 as part of become-follower request with correlation id 1 from controller 1 epoch 1 with leader 1 (state.change.logger)
[2020-04-16 11:51:13,615] TRACE [Broker id=0] Started fetcher to new leader as part of become-follower request from controller 1 epoch 1 with correlation id 1 for partition BatchTopic-1 with leader BrokerEndPoint(id=1, host=pc:9093) (state.change.logger)
[2020-04-16 11:51:13,615] TRACE [Broker id=0] Started fetcher to new leader as part of become-follower request from controller 1 epoch 1 with correlation id 1 for partition BatchTopic-0 with leader BrokerEndPoint(id=2, host=pc:9094) (state.change.logger)
[2020-04-16 11:51:13,618] TRACE [Broker id=0] Completed LeaderAndIsr request correlationId 1 from controller 1 epoch 1 for the become-follower transition for partition BatchTopic-1 with leader 1 (state.change.logger)
[2020-04-16 11:51:13,618] TRACE [Broker id=0] Completed LeaderAndIsr request correlationId 1 from controller 1 epoch 1 for the become-follower transition for partition BatchTopic-0 with leader 2 (state.change.logger)
[2020-04-16 11:51:13,767] TRACE [Broker id=0] Cached leader info UpdateMetadataPartitionState(topicName='BatchTopic', partitionIndex=2, controllerEpoch=1, leader=0, leaderEpoch=0, isr=[0, 2, 1], zkVersion=0, replicas=[0, 2, 1], offlineReplicas=[]) for partition BatchTopic-2 in response to UpdateMetadata request sent by controller 1 epoch 1 with correlation id 2 (state.change.logger)
[2020-04-16 11:51:13,772] TRACE [Broker id=0] Cached leader info UpdateMetadataPartitionState(topicName='BatchTopic', partitionIndex=1, controllerEpoch=1, leader=1, leaderEpoch=0, isr=[1, 0, 2], zkVersion=0, replicas=[1, 0, 2], offlineReplicas=[]) for partition BatchTopic-1 in response to UpdateMetadata request sent by controller 1 epoch 1 with correlation id 2 (state.change.logger)
[2020-04-16 11:51:13,772] TRACE [Broker id=0] Cached leader info UpdateMetadataPartitionState(topicName='BatchTopic', partitionIndex=0, controllerEpoch=1, leader=2, leaderEpoch=0, isr=[2, 1, 0], zkVersion=0, replicas=[2, 1, 0], offlineReplicas=[]) for partition BatchTopic-0 in response to UpdateMetadata request sent by controller 1 epoch 1 with correlation id 2 (state.change.logger)
[2020-04-16 11:51:19,842] TRACE [Broker id=0] Received LeaderAndIsr request LeaderAndIsrPartitionState(topicName='ReportTopic', partitionIndex=2, controllerEpoch=1, leader=2, leaderEpoch=0, isr=[2, 1, 0], zkVersion=0, replicas=[2, 1, 0], addingReplicas=[], removingReplicas=[], isNew=true) correlation id 3 from controller 1 epoch 1 (state.change.logger)
[2020-04-16 11:51:19,842] TRACE [Broker id=0] Received LeaderAndIsr request LeaderAndIsrPartitionState(topicName='ReportTopic', partitionIndex=1, controllerEpoch=1, leader=0, leaderEpoch=0, isr=[0, 2, 1], zkVersion=0, replicas=[0, 2, 1], addingReplicas=[], removingReplicas=[], isNew=true) correlation id 3 from controller 1 epoch 1 (state.change.logger)
[2020-04-16 11:51:19,843] TRACE [Broker id=0] Received LeaderAndIsr request LeaderAndIsrPartitionState(topicName='ReportTopic', partitionIndex=0, controllerEpoch=1, leader=1, leaderEpoch=0, isr=[1, 0, 2], zkVersion=0, replicas=[1, 0, 2], addingReplicas=[], removingReplicas=[], isNew=true) correlation id 3 from controller 1 epoch 1 (state.change.logger)
[2020-04-16 11:51:19,856] TRACE [Broker id=0] Handling LeaderAndIsr request correlationId 3 from controller 1 epoch 1 starting the become-leader transition for partition ReportTopic-1 (state.change.logger)
[2020-04-16 11:51:19,935] TRACE [Broker id=0] Stopped fetchers as part of become-leader request from controller 1 epoch 1 with correlation id 3 for partition ReportTopic-1 (last update controller epoch 1) (state.change.logger)
[2020-04-16 11:51:19,935] TRACE [Broker id=0] Completed LeaderAndIsr request correlationId 3 from controller 1 epoch 1 for the become-leader transition for partition ReportTopic-1 (state.change.logger)
[2020-04-16 11:51:19,936] TRACE [Broker id=0] Handling LeaderAndIsr request correlationId 3 from controller 1 epoch 1 starting the become-follower transition for partition ReportTopic-2 with leader 2 (state.change.logger)
[2020-04-16 11:51:19,936] TRACE [Broker id=0] Handling LeaderAndIsr request correlationId 3 from controller 1 epoch 1 starting the become-follower transition for partition ReportTopic-0 with leader 1 (state.change.logger)
[2020-04-16 11:51:20,007] TRACE [Broker id=0] Stopped fetchers as part of become-follower request from controller 1 epoch 1 with correlation id 3 for partition ReportTopic-0 with leader 1 (state.change.logger)
[2020-04-16 11:51:20,008] TRACE [Broker id=0] Stopped fetchers as part of become-follower request from controller 1 epoch 1 with correlation id 3 for partition ReportTopic-2 with leader 2 (state.change.logger)
[2020-04-16 11:51:20,008] TRACE [Broker id=0] Truncated logs and checkpointed recovery boundaries for partition ReportTopic-0 as part of become-follower request with correlation id 3 from controller 1 epoch 1 with leader 1 (state.change.logger)
[2020-04-16 11:51:20,008] TRACE [Broker id=0] Truncated logs and checkpointed recovery boundaries for partition ReportTopic-2 as part of become-follower request with correlation id 3 from controller 1 epoch 1 with leader 2 (state.change.logger)
[2020-04-16 11:51:20,025] TRACE [Broker id=0] Started fetcher to new leader as part of become-follower request from controller 1 epoch 1 with correlation id 3 for partition ReportTopic-2 with leader BrokerEndPoint(id=2, host=pc:9094) (state.change.logger)
[2020-04-16 11:51:20,026] TRACE [Broker id=0] Started fetcher to new leader as part of become-follower request from controller 1 epoch 1 with correlation id 3 for partition ReportTopic-0 with leader BrokerEndPoint(id=1, host=pc:9093) (state.change.logger)
[2020-04-16 11:51:20,026] TRACE [Broker id=0] Completed LeaderAndIsr request correlationId 3 from controller 1 epoch 1 for the become-follower transition for partition ReportTopic-2 with leader 2 (state.change.logger)
[2020-04-16 11:51:20,026] TRACE [Broker id=0] Completed LeaderAndIsr request correlationId 3 from controller 1 epoch 1 for the become-follower transition for partition ReportTopic-0 with leader 1 (state.change.logger)
[2020-04-16 11:51:20,042] TRACE [Broker id=0] Cached leader info UpdateMetadataPartitionState(topicName='ReportTopic', partitionIndex=2, controllerEpoch=1, leader=2, leaderEpoch=0, isr=[2, 1, 0], zkVersion=0, replicas=[2, 1, 0], offlineReplicas=[]) for partition ReportTopic-2 in response to UpdateMetadata request sent by controller 1 epoch 1 with correlation id 4 (state.change.logger)
[2020-04-16 11:51:20,042] TRACE [Broker id=0] Cached leader info UpdateMetadataPartitionState(topicName='ReportTopic', partitionIndex=1, controllerEpoch=1, leader=0, leaderEpoch=0, isr=[0, 2, 1], zkVersion=0, replicas=[0, 2, 1], offlineReplicas=[]) for partition ReportTopic-1 in response to UpdateMetadata request sent by controller 1 epoch 1 with correlation id 4 (state.change.logger)
[2020-04-16 11:51:20,042] TRACE [Broker id=0] Cached leader info UpdateMetadataPartitionState(topicName='ReportTopic', partitionIndex=0, controllerEpoch=1, leader=1, leaderEpoch=0, isr=[1, 0, 2], zkVersion=0, replicas=[1, 0, 2], offlineReplicas=[]) for partition ReportTopic-0 in response to UpdateMetadata request sent by controller 1 epoch 1 with correlation id 4 (state.change.logger)
[2020-04-16 11:51:27,060] TRACE [Broker id=0] Received LeaderAndIsr request LeaderAndIsrPartitionState(topicName='AlarmTopic', partitionIndex=2, controllerEpoch=1, leader=2, leaderEpoch=0, isr=[2, 1, 0], zkVersion=0, replicas=[2, 1, 0], addingReplicas=[], removingReplicas=[], isNew=true) correlation id 5 from controller 1 epoch 1 (state.change.logger)
[2020-04-16 11:51:27,060] TRACE [Broker id=0] Received LeaderAndIsr request LeaderAndIsrPartitionState(topicName='AlarmTopic', partitionIndex=1, controllerEpoch=1, leader=0, leaderEpoch=0, isr=[0, 2, 1], zkVersion=0, replicas=[0, 2, 1], addingReplicas=[], removingReplicas=[], isNew=true) correlation id 5 from controller 1 epoch 1 (state.change.logger)
[2020-04-16 11:51:27,060] TRACE [Broker id=0] Received LeaderAndIsr request LeaderAndIsrPartitionState(topicName='AlarmTopic', partitionIndex=0, controllerEpoch=1, leader=1, leaderEpoch=0, isr=[1, 0, 2], zkVersion=0, replicas=[1, 0, 2], addingReplicas=[], removingReplicas=[], isNew=true) correlation id 5 from controller 1 epoch 1 (state.change.logger)
[2020-04-16 11:51:27,098] TRACE [Broker id=0] Handling LeaderAndIsr request correlationId 5 from controller 1 epoch 1 starting the become-leader transition for partition AlarmTopic-1 (state.change.logger)
[2020-04-16 11:51:27,145] TRACE [Broker id=0] Stopped fetchers as part of become-leader request from controller 1 epoch 1 with correlation id 5 for partition AlarmTopic-1 (last update controller epoch 1) (state.change.logger)
[2020-04-16 11:51:27,145] TRACE [Broker id=0] Completed LeaderAndIsr request correlationId 5 from controller 1 epoch 1 for the become-leader transition for partition AlarmTopic-1 (state.change.logger)
[2020-04-16 11:51:27,145] TRACE [Broker id=0] Handling LeaderAndIsr request correlationId 5 from controller 1 epoch 1 starting the become-follower transition for partition AlarmTopic-2 with leader 2 (state.change.logger)
[2020-04-16 11:51:27,145] TRACE [Broker id=0] Handling LeaderAndIsr request correlationId 5 from controller 1 epoch 1 starting the become-follower transition for partition AlarmTopic-0 with leader 1 (state.change.logger)
[2020-04-16 11:51:27,222] TRACE [Broker id=0] Stopped fetchers as part of become-follower request from controller 1 epoch 1 with correlation id 5 for partition AlarmTopic-0 with leader 1 (state.change.logger)
[2020-04-16 11:51:27,222] TRACE [Broker id=0] Stopped fetchers as part of become-follower request from controller 1 epoch 1 with correlation id 5 for partition AlarmTopic-2 with leader 2 (state.change.logger)
[2020-04-16 11:51:27,222] TRACE [Broker id=0] Truncated logs and checkpointed recovery boundaries for partition AlarmTopic-0 as part of become-follower request with correlation id 5 from controller 1 epoch 1 with leader 1 (state.change.logger)
[2020-04-16 11:51:27,222] TRACE [Broker id=0] Truncated logs and checkpointed recovery boundaries for partition AlarmTopic-2 as part of become-follower request with correlation id 5 from controller 1 epoch 1 with leader 2 (state.change.logger)
[2020-04-16 11:51:27,224] TRACE [Broker id=0] Started fetcher to new leader as part of become-follower request from controller 1 epoch 1 with correlation id 5 for partition AlarmTopic-2 with leader BrokerEndPoint(id=2, host=pc:9094) (state.change.logger)
[2020-04-16 11:51:27,224] TRACE [Broker id=0] Started fetcher to new leader as part of become-follower request from controller 1 epoch 1 with correlation id 5 for partition AlarmTopic-0 with leader BrokerEndPoint(id=1, host=pc:9093) (state.change.logger)
[2020-04-16 11:51:27,224] TRACE [Broker id=0] Completed LeaderAndIsr request correlationId 5 from controller 1 epoch 1 for the become-follower transition for partition AlarmTopic-2 with leader 2 (state.change.logger)
[2020-04-16 11:51:27,224] TRACE [Broker id=0] Completed LeaderAndIsr request correlationId 5 from controller 1 epoch 1 for the become-follower transition for partition AlarmTopic-0 with leader 1 (state.change.logger)
[2020-04-16 11:51:27,234] TRACE [Broker id=0] Cached leader info UpdateMetadataPartitionState(topicName='AlarmTopic', partitionIndex=2, controllerEpoch=1, leader=2, leaderEpoch=0, isr=[2, 1, 0], zkVersion=0, replicas=[2, 1, 0], offlineReplicas=[]) for partition AlarmTopic-2 in response to UpdateMetadata request sent by controller 1 epoch 1 with correlation id 6 (state.change.logger)
[2020-04-16 11:51:27,234] TRACE [Broker id=0] Cached leader info UpdateMetadataPartitionState(topicName='AlarmTopic', partitionIndex=1, controllerEpoch=1, leader=0, leaderEpoch=0, isr=[0, 2, 1], zkVersion=0, replicas=[0, 2, 1], offlineReplicas=[]) for partition AlarmTopic-1 in response to UpdateMetadata request sent by controller 1 epoch 1 with correlation id 6 (state.change.logger)
[2020-04-16 11:51:27,234] TRACE [Broker id=0] Cached leader info UpdateMetadataPartitionState(topicName='AlarmTopic', partitionIndex=0, controllerEpoch=1, leader=1, leaderEpoch=0, isr=[1, 0, 2], zkVersion=0, replicas=[1, 0, 2], offlineReplicas=[]) for partition AlarmTopic-0 in response to UpdateMetadata request sent by controller 1 epoch 1 with correlation id 6 (state.change.logger)
[2020-04-16 11:51:35,180] TRACE [Broker id=0] Received LeaderAndIsr request LeaderAndIsrPartitionState(topicName='__consumer_offsets', partitionIndex=27, controllerEpoch=1, leader=0, leaderEpoch=0, isr=[0], zkVersion=0, replicas=[0], addingReplicas=[], removingReplicas=[], isNew=true) correlation id 7 from controller 1 epoch 1 (state.change.logger)
[2020-04-16 11:51:35,180] TRACE [Broker id=0] Received LeaderAndIsr request LeaderAndIsrPartitionState(topicName='__consumer_offsets', partitionIndex=24, controllerEpoch=1, leader=0, leaderEpoch=0, isr=[0], zkVersion=0, replicas=[0], addingReplicas=[], removingReplicas=[], isNew=true) correlation id 7 from controller 1 epoch 1 (state.change.logger)
[2020-04-16 11:51:35,180] TRACE [Broker id=0] Received LeaderAndIsr request LeaderAndIsrPartitionState(topicName='__consumer_offsets', partitionIndex=21, controllerEpoch=1, leader=0, leaderEpoch=0, isr=[0], zkVersion=0, replicas=[0], addingReplicas=[], removingReplicas=[], isNew=true) correlation id 7 from controller 1 epoch 1 (state.change.logger)
[2020-04-16 11:51:35,180] TRACE [Broker id=0] Received LeaderAndIsr request LeaderAndIsrPartitionState(topicName='__consumer_offsets', partitionIndex=48, controllerEpoch=1, leader=0, leaderEpoch=0, isr=[0], zkVersion=0, replicas=[0], addingReplicas=[], removingReplicas=[], isNew=true) correlation id 7 from controller 1 epoch 1 (state.change.logger)
[2020-04-16 11:51:35,180] TRACE [Broker id=0] Received LeaderAndIsr request LeaderAndIsrPartitionState(topicName='__consumer_offsets', partitionIndex=18, controllerEpoch=1, leader=0, leaderEpoch=0, isr=[0], zkVersion=0, replicas=[0], addingReplicas=[], removingReplicas=[], isNew=true) correlation id 7 from controller 1 epoch 1 (state.change.logger)
[2020-04-16 11:51:35,180] TRACE [Broker id=0] Received LeaderAndIsr request LeaderAndIsrPartitionState(topicName='__consumer_offsets', partitionIndex=45, controllerEpoch=1, leader=0, leaderEpoch=0, isr=[0], zkVersion=0, replicas=[0], addingReplicas=[], removingReplicas=[], isNew=true) correlation id 7 from controller 1 epoch 1 (state.change.logger)
[2020-04-16 11:51:35,180] TRACE [Broker id=0] Received LeaderAndIsr request LeaderAndIsrPartitionState(topicName='__consumer_offsets', partitionIndex=15, controllerEpoch=1, leader=0, leaderEpoch=0, isr=[0], zkVersion=0, replicas=[0], addingReplicas=[], removingReplicas=[], isNew=true) correlation id 7 from controller 1 epoch 1 (state.change.logger)
[2020-04-16 11:51:35,181] TRACE [Broker id=0] Received LeaderAndIsr request LeaderAndIsrPartitionState(topicName='__consumer_offsets', partitionIndex=42, controllerEpoch=1, leader=0, leaderEpoch=0, isr=[0], zkVersion=0, replicas=[0], addingReplicas=[], removingReplicas=[], isNew=true) correlation id 7 from controller 1 epoch 1 (state.change.logger)
[2020-04-16 11:51:35,181] TRACE [Broker id=0] Received LeaderAndIsr request LeaderAndIsrPartitionState(topicName='__consumer_offsets', partitionIndex=9, controllerEpoch=1, leader=0, leaderEpoch=0, isr=[0], zkVersion=0, replicas=[0], addingReplicas=[], removingReplicas=[], isNew=true) correlation id 7 from controller 1 epoch 1 (state.change.logger)
[2020-04-16 11:51:35,181] TRACE [Broker id=0] Received LeaderAndIsr request LeaderAndIsrPartitionState(topicName='__consumer_offsets', partitionIndex=12, controllerEpoch=1, leader=0, leaderEpoch=0, isr=[0], zkVersion=0, replicas=[0], addingReplicas=[], removingReplicas=[], isNew=true) correlation id 7 from controller 1 epoch 1 (state.change.logger)
[2020-04-16 11:51:35,181] TRACE [Broker id=0] Received LeaderAndIsr request LeaderAndIsrPartitionState(topicName='__consumer_offsets', partitionIndex=39, controllerEpoch=1, leader=0, leaderEpoch=0, isr=[0], zkVersion=0, replicas=[0], addingReplicas=[], removingReplicas=[], isNew=true) correlation id 7 from controller 1 epoch 1 (state.change.logger)
[2020-04-16 11:51:35,181] TRACE [Broker id=0] Received LeaderAndIsr request LeaderAndIsrPartitionState(topicName='__consumer_offsets', partitionIndex=6, controllerEpoch=1, leader=0, leaderEpoch=0, isr=[0], zkVersion=0, replicas=[0], addingReplicas=[], removingReplicas=[], isNew=true) correlation id 7 from controller 1 epoch 1 (state.change.logger)
[2020-04-16 11:51:35,182] TRACE [Broker id=0] Received LeaderAndIsr request LeaderAndIsrPartitionState(topicName='__consumer_offsets', partitionIndex=36, controllerEpoch=1, leader=0, leaderEpoch=0, isr=[0], zkVersion=0, replicas=[0], addingReplicas=[], removingReplicas=[], isNew=true) correlation id 7 from controller 1 epoch 1 (state.change.logger)
[2020-04-16 11:51:35,182] TRACE [Broker id=0] Received LeaderAndIsr request LeaderAndIsrPartitionState(topicName='__consumer_offsets', partitionIndex=3, controllerEpoch=1, leader=0, leaderEpoch=0, isr=[0], zkVersion=0, replicas=[0], addingReplicas=[], removingReplicas=[], isNew=true) correlation id 7 from controller 1 epoch 1 (state.change.logger)
[2020-04-16 11:51:35,182] TRACE [Broker id=0] Received LeaderAndIsr request LeaderAndIsrPartitionState(topicName='__consumer_offsets', partitionIndex=30, controllerEpoch=1, leader=0, leaderEpoch=0, isr=[0], zkVersion=0, replicas=[0], addingReplicas=[], removingReplicas=[], isNew=true) correlation id 7 from controller 1 epoch 1 (state.change.logger)
[2020-04-16 11:51:35,182] TRACE [Broker id=0] Received LeaderAndIsr request LeaderAndIsrPartitionState(topicName='__consumer_offsets', partitionIndex=0, controllerEpoch=1, leader=0, leaderEpoch=0, isr=[0], zkVersion=0, replicas=[0], addingReplicas=[], removingReplicas=[], isNew=true) correlation id 7 from controller 1 epoch 1 (state.change.logger)
[2020-04-16 11:51:35,182] TRACE [Broker id=0] Received LeaderAndIsr request LeaderAndIsrPartitionState(topicName='__consumer_offsets', partitionIndex=33, controllerEpoch=1, leader=0, leaderEpoch=0, isr=[0], zkVersion=0, replicas=[0], addingReplicas=[], removingReplicas=[], isNew=true) correlation id 7 from controller 1 epoch 1 (state.change.logger)
[2020-04-16 11:51:35,427] TRACE [Broker id=0] Handling LeaderAndIsr request correlationId 7 from controller 1 epoch 1 starting the become-leader transition for partition __consumer_offsets-0 (state.change.logger)
[2020-04-16 11:51:35,427] TRACE [Broker id=0] Handling LeaderAndIsr request correlationId 7 from controller 1 epoch 1 starting the become-leader transition for partition __consumer_offsets-48 (state.change.logger)
[2020-04-16 11:51:35,427] TRACE [Broker id=0] Handling LeaderAndIsr request correlationId 7 from controller 1 epoch 1 starting the become-leader transition for partition __consumer_offsets-45 (state.change.logger)
[2020-04-16 11:51:35,427] TRACE [Broker id=0] Handling LeaderAndIsr request correlationId 7 from controller 1 epoch 1 starting the become-leader transition for partition __consumer_offsets-42 (state.change.logger)
[2020-04-16 11:51:35,427] TRACE [Broker id=0] Handling LeaderAndIsr request correlationId 7 from controller 1 epoch 1 starting the become-leader transition for partition __consumer_offsets-39 (state.change.logger)
[2020-04-16 11:51:35,427] TRACE [Broker id=0] Handling LeaderAndIsr request correlationId 7 from controller 1 epoch 1 starting the become-leader transition for partition __consumer_offsets-36 (state.change.logger)
[2020-04-16 11:51:35,427] TRACE [Broker id=0] Handling LeaderAndIsr request correlationId 7 from controller 1 epoch 1 starting the become-leader transition for partition __consumer_offsets-33 (state.change.logger)
[2020-04-16 11:51:35,427] TRACE [Broker id=0] Handling LeaderAndIsr request correlationId 7 from controller 1 epoch 1 starting the become-leader transition for partition __consumer_offsets-30 (state.change.logger)
[2020-04-16 11:51:35,427] TRACE [Broker id=0] Handling LeaderAndIsr request correlationId 7 from controller 1 epoch 1 starting the become-leader transition for partition __consumer_offsets-27 (state.change.logger)
[2020-04-16 11:51:35,427] TRACE [Broker id=0] Handling LeaderAndIsr request correlationId 7 from controller 1 epoch 1 starting the become-leader transition for partition __consumer_offsets-24 (state.change.logger)
[2020-04-16 11:51:35,427] TRACE [Broker id=0] Handling LeaderAndIsr request correlationId 7 from controller 1 epoch 1 starting the become-leader transition for partition __consumer_offsets-21 (state.change.logger)
[2020-04-16 11:51:35,427] TRACE [Broker id=0] Handling LeaderAndIsr request correlationId 7 from controller 1 epoch 1 starting the become-leader transition for partition __consumer_offsets-18 (state.change.logger)
[2020-04-16 11:51:35,427] TRACE [Broker id=0] Handling LeaderAndIsr request correlationId 7 from controller 1 epoch 1 starting the become-leader transition for partition __consumer_offsets-15 (state.change.logger)
[2020-04-16 11:51:35,427] TRACE [Broker id=0] Handling LeaderAndIsr request correlationId 7 from controller 1 epoch 1 starting the become-leader transition for partition __consumer_offsets-12 (state.change.logger)
[2020-04-16 11:51:35,428] TRACE [Broker id=0] Handling LeaderAndIsr request correlationId 7 from controller 1 epoch 1 starting the become-leader transition for partition __consumer_offsets-9 (state.change.logger)
[2020-04-16 11:51:35,428] TRACE [Broker id=0] Handling LeaderAndIsr request correlationId 7 from controller 1 epoch 1 starting the become-leader transition for partition __consumer_offsets-6 (state.change.logger)
[2020-04-16 11:51:35,428] TRACE [Broker id=0] Handling LeaderAndIsr request correlationId 7 from controller 1 epoch 1 starting the become-leader transition for partition __consumer_offsets-3 (state.change.logger)
[2020-04-16 11:51:35,490] TRACE [Broker id=0] Stopped fetchers as part of become-leader request from controller 1 epoch 1 with correlation id 7 for partition __consumer_offsets-0 (last update controller epoch 1) (state.change.logger)
[2020-04-16 11:51:35,629] TRACE [Broker id=0] Stopped fetchers as part of become-leader request from controller 1 epoch 1 with correlation id 7 for partition __consumer_offsets-48 (last update controller epoch 1) (state.change.logger)
[2020-04-16 11:51:35,796] TRACE [Broker id=0] Stopped fetchers as part of become-leader request from controller 1 epoch 1 with correlation id 7 for partition __consumer_offsets-45 (last update controller epoch 1) (state.change.logger)
[2020-04-16 11:51:35,957] TRACE [Broker id=0] Stopped fetchers as part of become-leader request from controller 1 epoch 1 with correlation id 7 for partition __consumer_offsets-42 (last update controller epoch 1) (state.change.logger)
[2020-04-16 11:51:36,150] TRACE [Broker id=0] Stopped fetchers as part of become-leader request from controller 1 epoch 1 with correlation id 7 for partition __consumer_offsets-39 (last update controller epoch 1) (state.change.logger)
[2020-04-16 11:51:36,232] TRACE [Broker id=0] Stopped fetchers as part of become-leader request from controller 1 epoch 1 with correlation id 7 for partition __consumer_offsets-36 (last update controller epoch 1) (state.change.logger)
[2020-04-16 11:51:36,325] TRACE [Broker id=0] Stopped fetchers as part of become-leader request from controller 1 epoch 1 with correlation id 7 for partition __consumer_offsets-33 (last update controller epoch 1) (state.change.logger)
[2020-04-16 11:51:36,407] TRACE [Broker id=0] Stopped fetchers as part of become-leader request from controller 1 epoch 1 with correlation id 7 for partition __consumer_offsets-30 (last update controller epoch 1) (state.change.logger)
[2020-04-16 11:51:36,461] TRACE [Broker id=0] Stopped fetchers as part of become-leader request from controller 1 epoch 1 with correlation id 7 for partition __consumer_offsets-27 (last update controller epoch 1) (state.change.logger)
[2020-04-16 11:51:36,549] TRACE [Broker id=0] Stopped fetchers as part of become-leader request from controller 1 epoch 1 with correlation id 7 for partition __consumer_offsets-24 (last update controller epoch 1) (state.change.logger)
[2020-04-16 11:51:36,622] TRACE [Broker id=0] Stopped fetchers as part of become-leader request from controller 1 epoch 1 with correlation id 7 for partition __consumer_offsets-21 (last update controller epoch 1) (state.change.logger)
[2020-04-16 11:51:36,725] TRACE [Broker id=0] Stopped fetchers as part of become-leader request from controller 1 epoch 1 with correlation id 7 for partition __consumer_offsets-18 (last update controller epoch 1) (state.change.logger)
[2020-04-16 11:51:36,803] TRACE [Broker id=0] Stopped fetchers as part of become-leader request from controller 1 epoch 1 with correlation id 7 for partition __consumer_offsets-15 (last update controller epoch 1) (state.change.logger)
[2020-04-16 11:51:36,871] TRACE [Broker id=0] Stopped fetchers as part of become-leader request from controller 1 epoch 1 with correlation id 7 for partition __consumer_offsets-12 (last update controller epoch 1) (state.change.logger)
[2020-04-16 11:51:36,934] TRACE [Broker id=0] Stopped fetchers as part of become-leader request from controller 1 epoch 1 with correlation id 7 for partition __consumer_offsets-9 (last update controller epoch 1) (state.change.logger)
[2020-04-16 11:51:36,980] TRACE [Broker id=0] Stopped fetchers as part of become-leader request from controller 1 epoch 1 with correlation id 7 for partition __consumer_offsets-6 (last update controller epoch 1) (state.change.logger)
[2020-04-16 11:51:37,095] TRACE [Broker id=0] Stopped fetchers as part of become-leader request from controller 1 epoch 1 with correlation id 7 for partition __consumer_offsets-3 (last update controller epoch 1) (state.change.logger)
[2020-04-16 11:51:37,103] TRACE [Broker id=0] Completed LeaderAndIsr request correlationId 7 from controller 1 epoch 1 for the become-leader transition for partition __consumer_offsets-0 (state.change.logger)
[2020-04-16 11:51:37,111] TRACE [Broker id=0] Completed LeaderAndIsr request correlationId 7 from controller 1 epoch 1 for the become-leader transition for partition __consumer_offsets-48 (state.change.logger)
[2020-04-16 11:51:37,115] TRACE [Broker id=0] Completed LeaderAndIsr request correlationId 7 from controller 1 epoch 1 for the become-leader transition for partition __consumer_offsets-45 (state.change.logger)
[2020-04-16 11:51:37,117] TRACE [Broker id=0] Completed LeaderAndIsr request correlationId 7 from controller 1 epoch 1 for the become-leader transition for partition __consumer_offsets-42 (state.change.logger)
[2020-04-16 11:51:37,117] TRACE [Broker id=0] Completed LeaderAndIsr request correlationId 7 from controller 1 epoch 1 for the become-leader transition for partition __consumer_offsets-39 (state.change.logger)
[2020-04-16 11:51:37,117] TRACE [Broker id=0] Completed LeaderAndIsr request correlationId 7 from controller 1 epoch 1 for the become-leader transition for partition __consumer_offsets-36 (state.change.logger)
[2020-04-16 11:51:37,117] TRACE [Broker id=0] Completed LeaderAndIsr request correlationId 7 from controller 1 epoch 1 for the become-leader transition for partition __consumer_offsets-33 (state.change.logger)
[2020-04-16 11:51:37,117] TRACE [Broker id=0] Completed LeaderAndIsr request correlationId 7 from controller 1 epoch 1 for the become-leader transition for partition __consumer_offsets-30 (state.change.logger)
[2020-04-16 11:51:37,117] TRACE [Broker id=0] Completed LeaderAndIsr request correlationId 7 from controller 1 epoch 1 for the become-leader transition for partition __consumer_offsets-27 (state.change.logger)
[2020-04-16 11:51:37,117] TRACE [Broker id=0] Completed LeaderAndIsr request correlationId 7 from controller 1 epoch 1 for the become-leader transition for partition __consumer_offsets-24 (state.change.logger)
[2020-04-16 11:51:37,128] TRACE [Broker id=0] Completed LeaderAndIsr request correlationId 7 from controller 1 epoch 1 for the become-leader transition for partition __consumer_offsets-21 (state.change.logger)
[2020-04-16 11:51:37,128] TRACE [Broker id=0] Completed LeaderAndIsr request correlationId 7 from controller 1 epoch 1 for the become-leader transition for partition __consumer_offsets-18 (state.change.logger)
[2020-04-16 11:51:37,128] TRACE [Broker id=0] Completed LeaderAndIsr request correlationId 7 from controller 1 epoch 1 for the become-leader transition for partition __consumer_offsets-15 (state.change.logger)
[2020-04-16 11:51:37,128] TRACE [Broker id=0] Completed LeaderAndIsr request correlationId 7 from controller 1 epoch 1 for the become-leader transition for partition __consumer_offsets-12 (state.change.logger)
[2020-04-16 11:51:37,128] TRACE [Broker id=0] Completed LeaderAndIsr request correlationId 7 from controller 1 epoch 1 for the become-leader transition for partition __consumer_offsets-9 (state.change.logger)
[2020-04-16 11:51:37,128] TRACE [Broker id=0] Completed LeaderAndIsr request correlationId 7 from controller 1 epoch 1 for the become-leader transition for partition __consumer_offsets-6 (state.change.logger)
[2020-04-16 11:51:37,128] TRACE [Broker id=0] Completed LeaderAndIsr request correlationId 7 from controller 1 epoch 1 for the become-leader transition for partition __consumer_offsets-3 (state.change.logger)
[2020-04-16 11:51:37,459] TRACE [Broker id=0] Cached leader info UpdateMetadataPartitionState(topicName='__consumer_offsets', partitionIndex=49, controllerEpoch=1, leader=1, leaderEpoch=0, isr=[1], zkVersion=0, replicas=[1], offlineReplicas=[]) for partition __consumer_offsets-49 in response to UpdateMetadata request sent by controller 1 epoch 1 with correlation id 8 (state.change.logger)
[2020-04-16 11:51:37,459] TRACE [Broker id=0] Cached leader info UpdateMetadataPartitionState(topicName='__consumer_offsets', partitionIndex=38, controllerEpoch=1, leader=2, leaderEpoch=0, isr=[2], zkVersion=0, replicas=[2], offlineReplicas=[]) for partition __consumer_offsets-38 in response to UpdateMetadata request sent by controller 1 epoch 1 with correlation id 8 (state.change.logger)
[2020-04-16 11:51:37,459] TRACE [Broker id=0] Cached leader info UpdateMetadataPartitionState(topicName='__consumer_offsets', partitionIndex=16, controllerEpoch=1, leader=1, leaderEpoch=0, isr=[1], zkVersion=0, replicas=[1], offlineReplicas=[]) for partition __consumer_offsets-16 in response to UpdateMetadata request sent by controller 1 epoch 1 with correlation id 8 (state.change.logger)
[2020-04-16 11:51:37,460] TRACE [Broker id=0] Cached leader info UpdateMetadataPartitionState(topicName='__consumer_offsets', partitionIndex=27, controllerEpoch=1, leader=0, leaderEpoch=0, isr=[0], zkVersion=0, replicas=[0], offlineReplicas=[]) for partition __consumer_offsets-27 in response to UpdateMetadata request sent by controller 1 epoch 1 with correlation id 8 (state.change.logger)
[2020-04-16 11:51:37,460] TRACE [Broker id=0] Cached leader info UpdateMetadataPartitionState(topicName='__consumer_offsets', partitionIndex=8, controllerEpoch=1, leader=2, leaderEpoch=0, isr=[2], zkVersion=0, replicas=[2], offlineReplicas=[]) for partition __consumer_offsets-8 in response to UpdateMetadata request sent by controller 1 epoch 1 with correlation id 8 (state.change.logger)
[2020-04-16 11:51:37,460] TRACE [Broker id=0] Cached leader info UpdateMetadataPartitionState(topicName='__consumer_offsets', partitionIndex=19, controllerEpoch=1, leader=1, leaderEpoch=0, isr=[1], zkVersion=0, replicas=[1], offlineReplicas=[]) for partition __consumer_offsets-19 in response to UpdateMetadata request sent by controller 1 epoch 1 with correlation id 8 (state.change.logger)
[2020-04-16 11:51:37,460] TRACE [Broker id=0] Cached leader info UpdateMetadataPartitionState(topicName='__consumer_offsets', partitionIndex=13, controllerEpoch=1, leader=1, leaderEpoch=0, isr=[1], zkVersion=0, replicas=[1], offlineReplicas=[]) for partition __consumer_offsets-13 in response to UpdateMetadata request sent by controller 1 epoch 1 with correlation id 8 (state.change.logger)
[2020-04-16 11:51:37,460] TRACE [Broker id=0] Cached leader info UpdateMetadataPartitionState(topicName='__consumer_offsets', partitionIndex=2, controllerEpoch=1, leader=2, leaderEpoch=0, isr=[2], zkVersion=0, replicas=[2], offlineReplicas=[]) for partition __consumer_offsets-2 in response to UpdateMetadata request sent by controller 1 epoch 1 with correlation id 8 (state.change.logger)
[2020-04-16 11:51:37,460] TRACE [Broker id=0] Cached leader info UpdateMetadataPartitionState(topicName='__consumer_offsets', partitionIndex=46, controllerEpoch=1, leader=1, leaderEpoch=0, isr=[1], zkVersion=0, replicas=[1], offlineReplicas=[]) for partition __consumer_offsets-46 in response to UpdateMetadata request sent by controller 1 epoch 1 with correlation id 8 (state.change.logger)
[2020-04-16 11:51:37,461] TRACE [Broker id=0] Cached leader info UpdateMetadataPartitionState(topicName='__consumer_offsets', partitionIndex=35, controllerEpoch=1, leader=2, leaderEpoch=0, isr=[2], zkVersion=0, replicas=[2], offlineReplicas=[]) for partition __consumer_offsets-35 in response to UpdateMetadata request sent by controller 1 epoch 1 with correlation id 8 (state.change.logger)
[2020-04-16 11:51:37,461] TRACE [Broker id=0] Cached leader info UpdateMetadataPartitionState(topicName='__consumer_offsets', partitionIndex=24, controllerEpoch=1, leader=0, leaderEpoch=0, isr=[0], zkVersion=0, replicas=[0], offlineReplicas=[]) for partition __consumer_offsets-24 in response to UpdateMetadata request sent by controller 1 epoch 1 with correlation id 8 (state.change.logger)
[2020-04-16 11:51:37,461] TRACE [Broker id=0] Cached leader info UpdateMetadataPartitionState(topicName='__consumer_offsets', partitionIndex=5, controllerEpoch=1, leader=2, leaderEpoch=0, isr=[2], zkVersion=0, replicas=[2], offlineReplicas=[]) for partition __consumer_offsets-5 in response to UpdateMetadata request sent by controller 1 epoch 1 with correlation id 8 (state.change.logger)
[2020-04-16 11:51:37,462] TRACE [Broker id=0] Cached leader info UpdateMetadataPartitionState(topicName='__consumer_offsets', partitionIndex=43, controllerEpoch=1, leader=1, leaderEpoch=0, isr=[1], zkVersion=0, replicas=[1], offlineReplicas=[]) for partition __consumer_offsets-43 in response to UpdateMetadata request sent by controller 1 epoch 1 with correlation id 8 (state.change.logger)
[2020-04-16 11:51:37,462] TRACE [Broker id=0] Cached leader info UpdateMetadataPartitionState(topicName='__consumer_offsets', partitionIndex=21, controllerEpoch=1, leader=0, leaderEpoch=0, isr=[0], zkVersion=0, replicas=[0], offlineReplicas=[]) for partition __consumer_offsets-21 in response to UpdateMetadata request sent by controller 1 epoch 1 with correlation id 8 (state.change.logger)
[2020-04-16 11:51:37,462] TRACE [Broker id=0] Cached leader info UpdateMetadataPartitionState(topicName='__consumer_offsets', partitionIndex=32, controllerEpoch=1, leader=2, leaderEpoch=0, isr=[2], zkVersion=0, replicas=[2], offlineReplicas=[]) for partition __consumer_offsets-32 in response to UpdateMetadata request sent by controller 1 epoch 1 with correlation id 8 (state.change.logger)
[2020-04-16 11:51:37,462] TRACE [Broker id=0] Cached leader info UpdateMetadataPartitionState(topicName='__consumer_offsets', partitionIndex=10, controllerEpoch=1, leader=1, leaderEpoch=0, isr=[1], zkVersion=0, replicas=[1], offlineReplicas=[]) for partition __consumer_offsets-10 in response to UpdateMetadata request sent by controller 1 epoch 1 with correlation id 8 (state.change.logger)
[2020-04-16 11:51:37,462] TRACE [Broker id=0] Cached leader info UpdateMetadataPartitionState(topicName='__consumer_offsets', partitionIndex=37, controllerEpoch=1, leader=1, leaderEpoch=0, isr=[1], zkVersion=0, replicas=[1], offlineReplicas=[]) for partition __consumer_offsets-37 in response to UpdateMetadata request sent by controller 1 epoch 1 with correlation id 8 (state.change.logger)
[2020-04-16 11:51:37,462] TRACE [Broker id=0] Cached leader info UpdateMetadataPartitionState(topicName='__consumer_offsets', partitionIndex=48, controllerEpoch=1, leader=0, leaderEpoch=0, isr=[0], zkVersion=0, replicas=[0], offlineReplicas=[]) for partition __consumer_offsets-48 in response to UpdateMetadata request sent by controller 1 epoch 1 with correlation id 8 (state.change.logger)
[2020-04-16 11:51:37,463] TRACE [Broker id=0] Cached leader info UpdateMetadataPartitionState(topicName='__consumer_offsets', partitionIndex=40, controllerEpoch=1, leader=1, leaderEpoch=0, isr=[1], zkVersion=0, replicas=[1], offlineReplicas=[]) for partition __consumer_offsets-40 in response to UpdateMetadata request sent by controller 1 epoch 1 with correlation id 8 (state.change.logger)
[2020-04-16 11:51:37,463] TRACE [Broker id=0] Cached leader info UpdateMetadataPartitionState(topicName='__consumer_offsets', partitionIndex=18, controllerEpoch=1, leader=0, leaderEpoch=0, isr=[0], zkVersion=0, replicas=[0], offlineReplicas=[]) for partition __consumer_offsets-18 in response to UpdateMetadata request sent by controller 1 epoch 1 with correlation id 8 (state.change.logger)
[2020-04-16 11:51:37,463] TRACE [Broker id=0] Cached leader info UpdateMetadataPartitionState(topicName='__consumer_offsets', partitionIndex=29, controllerEpoch=1, leader=2, leaderEpoch=0, isr=[2], zkVersion=0, replicas=[2], offlineReplicas=[]) for partition __consumer_offsets-29 in response to UpdateMetadata request sent by controller 1 epoch 1 with correlation id 8 (state.change.logger)
[2020-04-16 11:51:37,463] TRACE [Broker id=0] Cached leader info UpdateMetadataPartitionState(topicName='__consumer_offsets', partitionIndex=7, controllerEpoch=1, leader=1, leaderEpoch=0, isr=[1], zkVersion=0, replicas=[1], offlineReplicas=[]) for partition __consumer_offsets-7 in response to UpdateMetadata request sent by controller 1 epoch 1 with correlation id 8 (state.change.logger)
[2020-04-16 11:51:37,463] TRACE [Broker id=0] Cached leader info UpdateMetadataPartitionState(topicName='__consumer_offsets', partitionIndex=23, controllerEpoch=1, leader=2, leaderEpoch=0, isr=[2], zkVersion=0, replicas=[2], offlineReplicas=[]) for partition __consumer_offsets-23 in response to UpdateMetadata request sent by controller 1 epoch 1 with correlation id 8 (state.change.logger)
[2020-04-16 11:51:37,463] TRACE [Broker id=0] Cached leader info UpdateMetadataPartitionState(topicName='__consumer_offsets', partitionIndex=45, controllerEpoch=1, leader=0, leaderEpoch=0, isr=[0], zkVersion=0, replicas=[0], offlineReplicas=[]) for partition __consumer_offsets-45 in response to UpdateMetadata request sent by controller 1 epoch 1 with correlation id 8 (state.change.logger)
[2020-04-16 11:51:37,463] TRACE [Broker id=0] Cached leader info UpdateMetadataPartitionState(topicName='__consumer_offsets', partitionIndex=34, controllerEpoch=1, leader=1, leaderEpoch=0, isr=[1], zkVersion=0, replicas=[1], offlineReplicas=[]) for partition __consumer_offsets-34 in response to UpdateMetadata request sent by controller 1 epoch 1 with correlation id 8 (state.change.logger)
[2020-04-16 11:51:37,463] TRACE [Broker id=0] Cached leader info UpdateMetadataPartitionState(topicName='__consumer_offsets', partitionIndex=26, controllerEpoch=1, leader=2, leaderEpoch=0, isr=[2], zkVersion=0, replicas=[2], offlineReplicas=[]) for partition __consumer_offsets-26 in response to UpdateMetadata request sent by controller 1 epoch 1 with correlation id 8 (state.change.logger)
[2020-04-16 11:51:37,463] TRACE [Broker id=0] Cached leader info UpdateMetadataPartitionState(topicName='__consumer_offsets', partitionIndex=15, controllerEpoch=1, leader=0, leaderEpoch=0, isr=[0], zkVersion=0, replicas=[0], offlineReplicas=[]) for partition __consumer_offsets-15 in response to UpdateMetadata request sent by controller 1 epoch 1 with correlation id 8 (state.change.logger)
[2020-04-16 11:51:37,464] TRACE [Broker id=0] Cached leader info UpdateMetadataPartitionState(topicName='__consumer_offsets', partitionIndex=4, controllerEpoch=1, leader=1, leaderEpoch=0, isr=[1], zkVersion=0, replicas=[1], offlineReplicas=[]) for partition __consumer_offsets-4 in response to UpdateMetadata request sent by controller 1 epoch 1 with correlation id 8 (state.change.logger)
[2020-04-16 11:51:37,464] TRACE [Broker id=0] Cached leader info UpdateMetadataPartitionState(topicName='__consumer_offsets', partitionIndex=42, controllerEpoch=1, leader=0, leaderEpoch=0, isr=[0], zkVersion=0, replicas=[0], offlineReplicas=[]) for partition __consumer_offsets-42 in response to UpdateMetadata request sent by controller 1 epoch 1 with correlation id 8 (state.change.logger)
[2020-04-16 11:51:37,464] TRACE [Broker id=0] Cached leader info UpdateMetadataPartitionState(topicName='__consumer_offsets', partitionIndex=31, controllerEpoch=1, leader=1, leaderEpoch=0, isr=[1], zkVersion=0, replicas=[1], offlineReplicas=[]) for partition __consumer_offsets-31 in response to UpdateMetadata request sent by controller 1 epoch 1 with correlation id 8 (state.change.logger)
[2020-04-16 11:51:37,473] TRACE [Broker id=0] Cached leader info UpdateMetadataPartitionState(topicName='__consumer_offsets', partitionIndex=9, controllerEpoch=1, leader=0, leaderEpoch=0, isr=[0], zkVersion=0, replicas=[0], offlineReplicas=[]) for partition __consumer_offsets-9 in response to UpdateMetadata request sent by controller 1 epoch 1 with correlation id 8 (state.change.logger)
[2020-04-16 11:51:37,474] TRACE [Broker id=0] Cached leader info UpdateMetadataPartitionState(topicName='__consumer_offsets', partitionIndex=20, controllerEpoch=1, leader=2, leaderEpoch=0, isr=[2], zkVersion=0, replicas=[2], offlineReplicas=[]) for partition __consumer_offsets-20 in response to UpdateMetadata request sent by controller 1 epoch 1 with correlation id 8 (state.change.logger)
[2020-04-16 11:51:37,474] TRACE [Broker id=0] Cached leader info UpdateMetadataPartitionState(topicName='__consumer_offsets', partitionIndex=12, controllerEpoch=1, leader=0, leaderEpoch=0, isr=[0], zkVersion=0, replicas=[0], offlineReplicas=[]) for partition __consumer_offsets-12 in response to UpdateMetadata request sent by controller 1 epoch 1 with correlation id 8 (state.change.logger)
[2020-04-16 11:51:37,474] TRACE [Broker id=0] Cached leader info UpdateMetadataPartitionState(topicName='__consumer_offsets', partitionIndex=1, controllerEpoch=1, leader=1, leaderEpoch=0, isr=[1], zkVersion=0, replicas=[1], offlineReplicas=[]) for partition __consumer_offsets-1 in response to UpdateMetadata request sent by controller 1 epoch 1 with correlation id 8 (state.change.logger)
[2020-04-16 11:51:37,474] TRACE [Broker id=0] Cached leader info UpdateMetadataPartitionState(topicName='__consumer_offsets', partitionIndex=28, controllerEpoch=1, leader=1, leaderEpoch=0, isr=[1], zkVersion=0, replicas=[1], offlineReplicas=[]) for partition __consumer_offsets-28 in response to UpdateMetadata request sent by controller 1 epoch 1 with correlation id 8 (state.change.logger)
[2020-04-16 11:51:37,474] TRACE [Broker id=0] Cached leader info UpdateMetadataPartitionState(topicName='__consumer_offsets', partitionIndex=17, controllerEpoch=1, leader=2, leaderEpoch=0, isr=[2], zkVersion=0, replicas=[2], offlineReplicas=[]) for partition __consumer_offsets-17 in response to UpdateMetadata request sent by controller 1 epoch 1 with correlation id 8 (state.change.logger)
[2020-04-16 11:51:37,474] TRACE [Broker id=0] Cached leader info UpdateMetadataPartitionState(topicName='__consumer_offsets', partitionIndex=6, controllerEpoch=1, leader=0, leaderEpoch=0, isr=[0], zkVersion=0, replicas=[0], offlineReplicas=[]) for partition __consumer_offsets-6 in response to UpdateMetadata request sent by controller 1 epoch 1 with correlation id 8 (state.change.logger)
[2020-04-16 11:51:37,475] TRACE [Broker id=0] Cached leader info UpdateMetadataPartitionState(topicName='__consumer_offsets', partitionIndex=39, controllerEpoch=1, leader=0, leaderEpoch=0, isr=[0], zkVersion=0, replicas=[0], offlineReplicas=[]) for partition __consumer_offsets-39 in response to UpdateMetadata request sent by controller 1 epoch 1 with correlation id 8 (state.change.logger)
[2020-04-16 11:51:37,475] TRACE [Broker id=0] Cached leader info UpdateMetadataPartitionState(topicName='__consumer_offsets', partitionIndex=44, controllerEpoch=1, leader=2, leaderEpoch=0, isr=[2], zkVersion=0, replicas=[2], offlineReplicas=[]) for partition __consumer_offsets-44 in response to UpdateMetadata request sent by controller 1 epoch 1 with correlation id 8 (state.change.logger)
[2020-04-16 11:51:37,475] TRACE [Broker id=0] Cached leader info UpdateMetadataPartitionState(topicName='__consumer_offsets', partitionIndex=36, controllerEpoch=1, leader=0, leaderEpoch=0, isr=[0], zkVersion=0, replicas=[0], offlineReplicas=[]) for partition __consumer_offsets-36 in response to UpdateMetadata request sent by controller 1 epoch 1 with correlation id 8 (state.change.logger)
[2020-04-16 11:51:37,475] TRACE [Broker id=0] Cached leader info UpdateMetadataPartitionState(topicName='__consumer_offsets', partitionIndex=47, controllerEpoch=1, leader=2, leaderEpoch=0, isr=[2], zkVersion=0, replicas=[2], offlineReplicas=[]) for partition __consumer_offsets-47 in response to UpdateMetadata request sent by controller 1 epoch 1 with correlation id 8 (state.change.logger)
[2020-04-16 11:51:37,475] TRACE [Broker id=0] Cached leader info UpdateMetadataPartitionState(topicName='__consumer_offsets', partitionIndex=3, controllerEpoch=1, leader=0, leaderEpoch=0, isr=[0], zkVersion=0, replicas=[0], offlineReplicas=[]) for partition __consumer_offsets-3 in response to UpdateMetadata request sent by controller 1 epoch 1 with correlation id 8 (state.change.logger)
[2020-04-16 11:51:37,475] TRACE [Broker id=0] Cached leader info UpdateMetadataPartitionState(topicName='__consumer_offsets', partitionIndex=25, controllerEpoch=1, leader=1, leaderEpoch=0, isr=[1], zkVersion=0, replicas=[1], offlineReplicas=[]) for partition __consumer_offsets-25 in response to UpdateMetadata request sent by controller 1 epoch 1 with correlation id 8 (state.change.logger)
[2020-04-16 11:51:37,476] TRACE [Broker id=0] Cached leader info UpdateMetadataPartitionState(topicName='__consumer_offsets', partitionIndex=14, controllerEpoch=1, leader=2, leaderEpoch=0, isr=[2], zkVersion=0, replicas=[2], offlineReplicas=[]) for partition __consumer_offsets-14 in response to UpdateMetadata request sent by controller 1 epoch 1 with correlation id 8 (state.change.logger)
[2020-04-16 11:51:37,476] TRACE [Broker id=0] Cached leader info UpdateMetadataPartitionState(topicName='__consumer_offsets', partitionIndex=30, controllerEpoch=1, leader=0, leaderEpoch=0, isr=[0], zkVersion=0, replicas=[0], offlineReplicas=[]) for partition __consumer_offsets-30 in response to UpdateMetadata request sent by controller 1 epoch 1 with correlation id 8 (state.change.logger)
[2020-04-16 11:51:37,476] TRACE [Broker id=0] Cached leader info UpdateMetadataPartitionState(topicName='__consumer_offsets', partitionIndex=41, controllerEpoch=1, leader=2, leaderEpoch=0, isr=[2], zkVersion=0, replicas=[2], offlineReplicas=[]) for partition __consumer_offsets-41 in response to UpdateMetadata request sent by controller 1 epoch 1 with correlation id 8 (state.change.logger)
[2020-04-16 11:51:37,476] TRACE [Broker id=0] Cached leader info UpdateMetadataPartitionState(topicName='__consumer_offsets', partitionIndex=22, controllerEpoch=1, leader=1, leaderEpoch=0, isr=[1], zkVersion=0, replicas=[1], offlineReplicas=[]) for partition __consumer_offsets-22 in response to UpdateMetadata request sent by controller 1 epoch 1 with correlation id 8 (state.change.logger)
[2020-04-16 11:51:37,476] TRACE [Broker id=0] Cached leader info UpdateMetadataPartitionState(topicName='__consumer_offsets', partitionIndex=33, controllerEpoch=1, leader=0, leaderEpoch=0, isr=[0], zkVersion=0, replicas=[0], offlineReplicas=[]) for partition __consumer_offsets-33 in response to UpdateMetadata request sent by controller 1 epoch 1 with correlation id 8 (state.change.logger)
[2020-04-16 11:51:37,476] TRACE [Broker id=0] Cached leader info UpdateMetadataPartitionState(topicName='__consumer_offsets', partitionIndex=11, controllerEpoch=1, leader=2, leaderEpoch=0, isr=[2], zkVersion=0, replicas=[2], offlineReplicas=[]) for partition __consumer_offsets-11 in response to UpdateMetadata request sent by controller 1 epoch 1 with correlation id 8 (state.change.logger)
[2020-04-16 11:51:37,476] TRACE [Broker id=0] Cached leader info UpdateMetadataPartitionState(topicName='__consumer_offsets', partitionIndex=0, controllerEpoch=1, leader=0, leaderEpoch=0, isr=[0], zkVersion=0, replicas=[0], offlineReplicas=[]) for partition __consumer_offsets-0 in response to UpdateMetadata request sent by controller 1 epoch 1 with correlation id 8 (state.change.logger)
