\BOOKMARK [1][-]{section.1}{Scientific Computation and Custom Systems}{}% 1
\BOOKMARK [2][-]{subsection.1.1}{The Scenario}{section.1}% 2
\BOOKMARK [2][-]{subsection.1.2}{The Messages}{section.1}% 3
\BOOKMARK [1][-]{section.2}{System Architecture}{}% 4
\BOOKMARK [2][-]{subsection.2.1}{Entities}{section.2}% 5
\BOOKMARK [3][-]{subsubsection.2.1.1}{Client}{subsection.2.1}% 6
\BOOKMARK [3][-]{subsubsection.2.1.2}{Calculation Server}{subsection.2.1}% 7
\BOOKMARK [3][-]{subsubsection.2.1.3}{Load Balancer}{subsection.2.1}% 8
\BOOKMARK [3][-]{subsubsection.2.1.4}{Tactic Manager}{subsection.2.1}% 9
\BOOKMARK [2][-]{subsection.2.2}{System Components}{section.2}% 10
\BOOKMARK [2][-]{subsection.2.3}{User Interface}{section.2}% 11
\BOOKMARK [1][-]{section.3}{Architecture Constraints}{}% 12
\BOOKMARK [2][-]{subsection.3.1}{Quality Attributes Assurance}{section.3}% 13
\BOOKMARK [3][-]{subsubsection.3.1.1}{Performance}{subsection.3.1}% 14
\BOOKMARK [3][-]{subsubsection.3.1.2}{Availability}{subsection.3.1}% 15
\BOOKMARK [3][-]{subsubsection.3.1.3}{Scalability}{subsection.3.1}% 16
\BOOKMARK [3][-]{subsubsection.3.1.4}{Usability}{subsection.3.1}% 17
\BOOKMARK [2][-]{subsection.3.2}{Use Cases Compliance}{section.3}% 18
\BOOKMARK [1][-]{section.4}{Additional Remarks}{}% 19
\BOOKMARK [2][-]{subsection.4.1}{Documentation}{section.4}% 20
\BOOKMARK [2][-]{subsection.4.2}{Assignment Contributions}{section.4}% 21
